{"meta": {"format": 3, "version": "7.16.0", "timestamp": "2026-08-29T16:50:59.519192", "branch_coverage": true, "show_contexts": false}, "files": {"src/reproagent/__init__.py": {"executed_lines": [8, 9, 11, 12], "summary": {"covered_lines": 4, "num_statements": 4, "percent_covered": 100.0, "percent_covered_display": "100.0", "missing_lines": 0, "excluded_lines": 0, "percent_statements_covered": 100.0, "percent_statements_covered_display": "100.0", "num_branches": 0, "num_partial_branches": 0, "covered_branches": 0, "missing_branches": 0, "percent_branches_covered": 100.0, "percent_branches_covered_display": "100.0"}, "missing_lines": [], "excluded_lines": [], "executed_branches": [], "missing_branches": [], "functions": {"": {"executed_lines": [8, 9, 11, 12], "summary": {"covered_lines": 4, "num_statements": 4, "percent_covered": 100.0, "percent_covered_display": "100.0", "missing_lines": 0, "excluded_lines": 0, "percent_statements_covered": 100.0, "percent_statements_covered_display": "100.0", "num_branches": 0, "num_partial_branches": 0, "covered_branches": 0, "missing_branches": 0, "percent_branches_covered": 100.0, "percent_branches_covered_display": "100.0"}, "missing_lines": [], "excluded_lines": [], "start_line": 1, "executed_branches": [], "missing_branches": []}}, "classes": {"": {"executed_lines": [8, 9, 11, 12], "summary": {"covered_lines": 4, "num_statements": 4, "percent_covered": 100.0, "percent_covered_display": "100.0", "missing_lines": 0, "excluded_lines": 0, "percent_statements_covered": 100.0, "percent_statements_covered_display": "100.0", "num_branches": 0, "num_partial_branches": 0, "covered_branches": 0, "missing_branches": 0, "percent_branches_covered": 100.0, "percent_branches_covered_display": "100.0"}, "missing_lines": [], "excluded_lines": [], "start_line": 1, "executed_branches": [], "missing_branches": []}}}, "src/reproagent/artifacts.py": {"executed_lines": [1, 3, 4, 5, 6, 7, 8, 9, 11, 13, 14, 16, 17, 18, 19, 20, 21, 22, 23, 24, 25, 28, 32, 33, 34, 35, 36, 37, 38, 39, 40, 41, 42, 45, 46, 47, 48, 49, 50, 51, 52, 55, 56, 57, 58, 59, 60, 63, 64, 72, 73, 74, 75, 76, 78, 79, 80, 81, 82, 84, 85, 86, 87, 88, 89, 90, 91, 92, 94, 95, 96, 101, 102, 103, 104, 105, 106, 107, 110, 113, 114, 118, 119, 120, 124, 125, 126, 131, 132, 133, 134, 135, 137, 138, 146, 149, 150, 151, 152, 153, 154, 155, 156, 159, 160, 163, 166, 167, 168, 169, 170, 171, 172, 173, 174, 175, 176, 177, 178, 179, 180, 181, 183, 184, 185, 186, 187, 188, 189, 190, 194, 197, 198, 199, 200, 201, 202, 203, 204, 205, 206, 207, 208, 209, 212, 213, 214, 215, 218, 219, 220, 221, 222, 225, 231, 232, 233, 235, 236, 237, 238, 239, 240, 243, 244, 245, 246, 250, 251, 254, 262, 267, 272, 273, 274, 276, 277, 278, 279, 280, 281, 282, 283, 284, 285, 286, 287, 288, 289, 292, 293, 294, 295, 297, 298, 299, 300, 306, 309, 310, 311, 312, 313, 323, 324, 335, 336, 337, 338, 339, 346, 347, 348, 349, 350, 352, 363, 375, 380, 383, 388, 389, 393, 394], "summary": {"covered_lines": 224, "num_statements": 229, "percent_covered": 97.10610932475885, "percent_covered_display": "97.1", "missing_lines": 5, "excluded_lines": 0, "percent_statements_covered": 97.81659388646288, "percent_statements_covered_display": "97.8", "num_branches": 82, "num_partial_branches": 4, "covered_branches": 78, "missing_branches": 4, "percent_branches_covered": 95.1219512195122, "percent_branches_covered_display": "95.1"}, "missing_lines": [108, 109, 111, 234, 247], "excluded_lines": [], "executed_branches": [[34, 35], [34, 36], [40, 41], [40, 42], [58, 59], [58, 60], [73, 74], [73, 75], [75, 76], [75, 78], [84, 85], [84, 146], [87, 88], [87, 91], [89, 87], [89, 90], [95, 96], [95, 101], [101, 84], [101, 102], [103, 104], [103, 105], [110, 113], [113, 114], [113, 118], [119, 120], [119, 124], [125, 126], [125, 131], [132, 133], [132, 134], [134, 135], [134, 137], [150, 151], [150, 152], [159, 160], [159, 163], [173, 174], [173, 175], [175, 176], [175, 177], [185, 186], [185, 188], [206, 207], [206, 215], [208, 209], [208, 212], [231, 232], [231, 233], [233, 235], [237, 238], [237, 244], [239, 240], [239, 243], [245, 246], [245, 251], [246, 250], [276, 277], [276, 297], [280, 276], [280, 281], [282, 283], [282, 284], [288, 289], [288, 294], [292, 280], [292, 293], [294, 295], [312, 313], [312, 323], [323, 324], [323, 335], [336, 337], [336, 338], [338, 339], [338, 346], [346, 347], [346, 352]], "missing_branches": [[110, 111], [233, 234], [246, 247], [294, 280]], "functions": {"_positive_env_int": {"executed_lines": [33, 34, 35, 36, 37, 38, 39, 40, 41, 42], "summary": {"covered_lines": 10, "num_statements": 10, "percent_covered": 100.0, "percent_covered_display": "100.0", "missing_lines": 0, "excluded_lines": 0, "percent_statements_covered": 100.0, "percent_statements_covered_display": "100.0", "num_branches": 4, "num_partial_branches": 0, "covered_branches": 4, "missing_branches": 0, "percent_branches_covered": 100.0, "percent_branches_covered_display": "100.0"}, "missing_lines": [], "excluded_lines": [], "start_line": 32, "executed_branches": [[34, 35], [34, 36], [40, 41], [40, 42]], "missing_branches": []}, "_safe_path": {"executed_lines": [46, 47, 48, 49, 50, 51, 52], "summary": {"covered_lines": 7, "num_statements": 7, "percent_covered": 100.0, "percent_covered_display": "100.0", "missing_lines": 0, "excluded_lines": 0, "percent_statements_covered": 100.0, "percent_statements_covered_display": "100.0", "num_branches": 0, "num_partial_branches": 0, "covered_branches": 0, "missing_branches": 0, "percent_branches_covered": 100.0, "percent_branches_covered_display": "100.0"}, "missing_lines": [], "excluded_lines": [], "start_line": 45, "executed_branches": [], "missing_branches": []}, "_sha256": {"executed_lines": [56, 57, 58, 59, 60], "summary": {"covered_lines": 5, "num_statements": 5, "percent_covered": 100.0, "percent_covered_display": "100.0", "missing_lines": 0, "excluded_lines": 0, "percent_statements_covered": 100.0, "percent_statements_covered_display": "100.0", "num_branches": 2, "num_partial_branches": 0, "covered_branches": 2, "missing_branches": 0, "percent_branches_covered": 100.0, "percent_branches_covered_display": "100.0"}, "missing_lines": [], "excluded_lines": [], "start_line": 55, "executed_branches": [[58, 59], [58, 60]], "missing_branches": []}, "_output_limits": {"executed_lines": [64], "summary": {"covered_lines": 1, "num_statements": 1, "percent_covered": 100.0, "percent_covered_display": "100.0", "missing_lines": 0, "excluded_lines": 0, "percent_statements_covered": 100.0, "percent_statements_covered_display": "100.0", "num_branches": 0, "num_partial_branches": 0, "covered_branches": 0, "missing_branches": 0, "percent_branches_covered": 100.0, "percent_branches_covered_display": "100.0"}, "missing_lines": [], "excluded_lines": [], "start_line": 63, "executed_branches": [], "missing_branches": []}, "index_outputs": {"executed_lines": [73, 74, 75, 76, 78, 79, 80, 81, 82, 84, 85, 86, 87, 88, 89, 90, 91, 92, 94, 95, 96, 101, 102, 103, 104, 105, 106, 107, 110, 113, 114, 118, 119, 120, 124, 125, 126, 131, 132, 133, 134, 135, 137, 138, 146], "summary": {"covered_lines": 45, "num_statements": 48, "percent_covered": 94.73684210526316, "percent_covered_display": "94.7", "missing_lines": 3, "excluded_lines": 0, "percent_statements_covered": 93.75, "percent_statements_covered_display": "93.8", "num_branches": 28, "num_partial_branches": 1, "covered_branches": 27, "missing_branches": 1, "percent_branches_covered": 96.42857142857143, "percent_branches_covered_display": "96.4"}, "missing_lines": [108, 109, 111], "excluded_lines": [], "start_line": 72, "executed_branches": [[73, 74], [73, 75], [75, 76], [75, 78], [84, 85], [84, 146], [87, 88], [87, 91], [89, 87], [89, 90], [95, 96], [95, 101], [101, 84], [101, 102], [103, 104], [103, 105], [110, 113], [113, 114], [113, 118], [119, 120], [119, 124], [125, 126], [125, 131], [132, 133], [132, 134], [134, 135], [134, 137]], "missing_branches": [[110, 111]]}, "_guard_compare_file": {"executed_lines": [150, 151, 152, 153, 154, 155, 156, 159, 160, 163], "summary": {"covered_lines": 10, "num_statements": 10, "percent_covered": 100.0, "percent_covered_display": "100.0", "missing_lines": 0, "excluded_lines": 0, "percent_statements_covered": 100.0, "percent_statements_covered_display": "100.0", "num_branches": 4, "num_partial_branches": 0, "covered_branches": 4, "missing_branches": 0, "percent_branches_covered": 100.0, "percent_branches_covered_display": "100.0"}, "missing_lines": [], "excluded_lines": [], "start_line": 149, "executed_branches": [[150, 151], [150, 152], [159, 160], [159, 163]], "missing_branches": []}, "_figure_similarity": {"executed_lines": [167, 168, 169, 170, 171, 172, 173, 174, 175, 176, 177, 178, 179, 180, 181, 183, 184, 185, 186, 187, 188, 189, 190, 194], "summary": {"covered_lines": 24, "num_statements": 24, "percent_covered": 100.0, "percent_covered_display": "100.0", "missing_lines": 0, "excluded_lines": 0, "percent_statements_covered": 100.0, "percent_statements_covered_display": "100.0", "num_branches": 6, "num_partial_branches": 0, "covered_branches": 6, "missing_branches": 0, "percent_branches_covered": 100.0, "percent_branches_covered_display": "100.0"}, "missing_lines": [], "excluded_lines": [], "start_line": 166, "executed_branches": [[173, 174], [173, 175], [175, 176], [175, 177], [185, 186], [185, 188]], "missing_branches": []}, "_read_table": {"executed_lines": [198, 199, 200, 201, 202, 203, 204, 205, 206, 207, 208, 209, 212, 213, 214, 215], "summary": {"covered_lines": 16, "num_statements": 16, "percent_covered": 100.0, "percent_covered_display": "100.0", "missing_lines": 0, "excluded_lines": 0, "percent_statements_covered": 100.0, "percent_statements_covered_display": "100.0", "num_branches": 4, "num_partial_branches": 0, "covered_branches": 4, "missing_branches": 0, "percent_branches_covered": 100.0, "percent_branches_covered_display": "100.0"}, "missing_lines": [], "excluded_lines": [], "start_line": 197, "executed_branches": [[206, 207], [206, 215], [208, 209], [208, 212]], "missing_branches": []}, "_number": {"executed_lines": [219, 220, 221, 222], "summary": {"covered_lines": 4, "num_statements": 4, "percent_covered": 100.0, "percent_covered_display": "100.0", "missing_lines": 0, "excluded_lines": 0, "percent_statements_covered": 100.0, "percent_statements_covered_display": "100.0", "num_branches": 0, "num_partial_branches": 0, "covered_branches": 0, "missing_branches": 0, "percent_branches_covered": 100.0, "percent_branches_covered_display": "100.0"}, "missing_lines": [], "excluded_lines": [], "start_line": 218, "executed_branches": [], "missing_branches": []}, "_project_table_columns": {"executed_lines": [231, 232, 233, 235, 236, 237, 238, 239, 240, 243, 244, 245, 246, 250, 251], "summary": {"covered_lines": 15, "num_statements": 17, "percent_covered": 86.20689655172414, "percent_covered_display": "86.2", "missing_lines": 2, "excluded_lines": 0, "percent_statements_covered": 88.23529411764706, "percent_statements_covered_display": "88.2", "num_branches": 12, "num_partial_branches": 2, "covered_branches": 10, "missing_branches": 2, "percent_branches_covered": 83.33333333333333, "percent_branches_covered_display": "83.3"}, "missing_lines": [234, 247], "excluded_lines": [], "start_line": 225, "executed_branches": [[231, 232], [231, 233], [233, 235], [237, 238], [237, 244], [239, 240], [239, 243], [245, 246], [245, 251], [246, 250]], "missing_branches": [[233, 234], [246, 247]]}, "_table_similarity": {"executed_lines": [262, 267, 272, 273, 274, 276, 277, 278, 279, 280, 281, 282, 283, 284, 285, 286, 287, 288, 289, 292, 293, 294, 295, 297, 298, 299, 300, 306], "summary": {"covered_lines": 28, "num_statements": 28, "percent_covered": 97.5, "percent_covered_display": "97.5", "missing_lines": 0, "excluded_lines": 0, "percent_statements_covered": 100.0, "percent_statements_covered_display": "100.0", "num_branches": 12, "num_partial_branches": 1, "covered_branches": 11, "missing_branches": 1, "percent_branches_covered": 91.66666666666667, "percent_branches_covered_display": "91.7"}, "missing_lines": [], "excluded_lines": [], "start_line": 254, "executed_branches": [[276, 277], [276, 297], [280, 276], [280, 281], [282, 283], [282, 284], [288, 289], [288, 294], [292, 280], [292, 293], [294, 295]], "missing_branches": [[294, 280]]}, "compare_artifact": {"executed_lines": [310, 311, 312, 313, 323, 324, 335, 336, 337, 338, 339, 346, 347, 348, 349, 350, 352, 363], "summary": {"covered_lines": 18, "num_statements": 18, "percent_covered": 100.0, "percent_covered_display": "100.0", "missing_lines": 0, "excluded_lines": 0, "percent_statements_covered": 100.0, "percent_statements_covered_display": "100.0", "num_branches": 10, "num_partial_branches": 0, "covered_branches": 10, "missing_branches": 0, "percent_branches_covered": 100.0, "percent_branches_covered_display": "100.0"}, "missing_lines": [], "excluded_lines": [], "start_line": 309, "executed_branches": [[312, 313], [312, 323], [323, 324], [323, 335], [336, 337], [336, 338], [338, 339], [338, 346], [346, 347], [346, 352]], "missing_branches": []}, "compare_artifacts": {"executed_lines": [380], "summary": {"covered_lines": 1, "num_statements": 1, "percent_covered": 100.0, "percent_covered_display": "100.0", "missing_lines": 0, "excluded_lines": 0, "percent_statements_covered": 100.0, "percent_statements_covered_display": "100.0", "num_branches": 0, "num_partial_branches": 0, "covered_branches": 0, "missing_branches": 0, "percent_branches_covered": 100.0, "percent_branches_covered_display": "100.0"}, "missing_lines": [], "excluded_lines": [], "start_line": 375, "executed_branches": [], "missing_branches": []}, "write_artifact_results": {"executed_lines": [388, 389, 393, 394], "summary": {"covered_lines": 4, "num_statements": 4, "percent_covered": 100.0, "percent_covered_display": "100.0", "missing_lines": 0, "excluded_lines": 0, "percent_statements_covered": 100.0, "percent_statements_covered_display": "100.0", "num_branches": 0, "num_partial_branches": 0, "covered_branches": 0, "missing_branches": 0, "percent_branches_covered": 100.0, "percent_branches_covered_display": "100.0"}, "missing_lines": [], "excluded_lines": [], "start_line": 383, "executed_branches": [], "missing_branches": []}, "": {"executed_lines": [1, 3, 4, 5, 6, 7, 8, 9, 11, 13, 14, 16, 17, 18, 19, 20, 21, 22, 23, 24, 25, 28, 32, 45, 55, 63, 72, 149, 166, 197, 218, 225, 254, 309, 375, 383], "summary": {"covered_lines": 36, "num_statements": 36, "percent_covered": 100.0, "percent_covered_display": "100.0", "missing_lines": 0, "excluded_lines": 0, "percent_statements_covered": 100.0, "percent_statements_covered_display": "100.0", "num_branches": 0, "num_partial_branches": 0, "covered_branches": 0, "missing_branches": 0, "percent_branches_covered": 100.0, "percent_branches_covered_display": "100.0"}, "missing_lines": [], "excluded_lines": [], "start_line": 1, "executed_branches": [], "missing_branches": []}}, "classes": {"ArtifactSecurityError": {"executed_lines": [], "summary": {"covered_lines": 0, "num_statements": 0, "percent_covered": 100.0, "percent_covered_display": "100.0", "missing_lines": 0, "excluded_lines": 0, "percent_statements_covered": 100.0, "percent_statements_covered_display": "100.0", "num_branches": 0, "num_partial_branches": 0, "covered_branches": 0, "missing_branches": 0, "percent_branches_covered": 100.0, "percent_branches_covered_display": "100.0"}, "missing_lines": [], "excluded_lines": [], "start_line": 28, "executed_branches": [], "missing_branches": []}, "": {"executed_lines": [1, 3, 4, 5, 6, 7, 8, 9, 11, 13, 14, 16, 17, 18, 19, 20, 21, 22, 23, 24, 25, 28, 32, 33, 34, 35, 36, 37, 38, 39, 40, 41, 42, 45, 46, 47, 48, 49, 50, 51, 52, 55, 56, 57, 58, 59, 60, 63, 64, 72, 73, 74, 75, 76, 78, 79, 80, 81, 82, 84, 85, 86, 87, 88, 89, 90, 91, 92, 94, 95, 96, 101, 102, 103, 104, 105, 106, 107, 110, 113, 114, 118, 119, 120, 124, 125, 126, 131, 132, 133, 134, 135, 137, 138, 146, 149, 150, 151, 152, 153, 154, 155, 156, 159, 160, 163, 166, 167, 168, 169, 170, 171, 172, 173, 174, 175, 176, 177, 178, 179, 180, 181, 183, 184, 185, 186, 187, 188, 189, 190, 194, 197, 198, 199, 200, 201, 202, 203, 204, 205, 206, 207, 208, 209, 212, 213, 214, 215, 218, 219, 220, 221, 222, 225, 231, 232, 233, 235, 236, 237, 238, 239, 240, 243, 244, 245, 246, 250, 251, 254, 262, 267, 272, 273, 274, 276, 277, 278, 279, 280, 281, 282, 283, 284, 285, 286, 287, 288, 289, 292, 293, 294, 295, 297, 298, 299, 300, 306, 309, 310, 311, 312, 313, 323, 324, 335, 336, 337, 338, 339, 346, 347, 348, 349, 350, 352, 363, 375, 380, 383, 388, 389, 393, 394], "summary": {"covered_lines": 224, "num_statements": 229, "percent_covered": 97.10610932475885, "percent_covered_display": "97.1", "missing_lines": 5, "excluded_lines": 0, "percent_statements_covered": 97.81659388646288, "percent_statements_covered_display": "97.8", "num_branches": 82, "num_partial_branches": 4, "covered_branches": 78, "missing_branches": 4, "percent_branches_covered": 95.1219512195122, "percent_branches_covered_display": "95.1"}, "missing_lines": [108, 109, 111, 234, 247], "excluded_lines": [], "start_line": 1, "executed_branches": [[34, 35], [34, 36], [40, 41], [40, 42], [58, 59], [58, 60], [73, 74], [73, 75], [75, 76], [75, 78], [84, 85], [84, 146], [87, 88], [87, 91], [89, 87], [89, 90], [95, 96], [95, 101], [101, 84], [101, 102], [103, 104], [103, 105], [110, 113], [113, 114], [113, 118], [119, 120], [119, 124], [125, 126], [125, 131], [132, 133], [132, 134], [134, 135], [134, 137], [150, 151], [150, 152], [159, 160], [159, 163], [173, 174], [173, 175], [175, 176], [175, 177], [185, 186], [185, 188], [206, 207], [206, 215], [208, 209], [208, 212], [231, 232], [231, 233], [233, 235], [237, 238], [237, 244], [239, 240], [239, 243], [245, 246], [245, 251], [246, 250], [276, 277], [276, 297], [280, 276], [280, 281], [282, 283], [282, 284], [288, 289], [288, 294], [292, 280], [292, 293], [294, 295], [312, 313], [312, 323], [323, 324], [323, 335], [336, 337], [336, 338], [338, 339], [338, 346], [346, 347], [346, 352]], "missing_branches": [[110, 111], [233, 234], [246, 247], [294, 280]]}}}, "src/reproagent/cli.py": {"executed_lines": [1, 3, 4, 5, 6, 7, 9, 10, 11, 12, 13, 14, 15, 16, 17, 18, 21, 22, 26, 27, 29, 30, 32, 36, 37, 38, 44, 46, 50, 51, 52, 53, 59, 61, 62, 63, 64, 65, 66, 72, 78, 79, 82, 83, 84, 93, 101, 109, 118, 120, 123, 124, 129, 134, 137, 138, 139, 140, 141, 142, 143, 144, 145, 146, 147, 148, 149, 150, 151, 152, 153, 154, 159, 160, 161, 162, 163, 164, 165, 166, 170, 171, 172, 173, 174, 175, 176, 177, 178, 179, 180, 183, 184, 185, 186, 187, 188, 189, 194, 195, 196, 197, 202, 203, 204, 206, 207, 208, 209, 210, 213, 214, 215, 216, 217, 218, 219, 220, 222, 223, 224, 225, 226, 227, 228, 229, 232, 233, 234, 235, 236, 237, 238, 240, 241, 242, 243, 244, 245, 246, 247, 248, 249, 250, 251, 253, 281, 282, 283, 284, 285, 286, 287, 289, 290, 292, 293, 294, 295, 296, 297, 298, 299, 300, 301, 302, 306, 307, 308, 310, 313, 314, 315, 316, 317, 318, 319, 320, 321, 322, 323, 324, 325, 326, 327, 328, 329, 330, 332, 348, 349, 351, 354], "summary": {"covered_lines": 193, "num_statements": 194, "percent_covered": 99.2063492063492, "percent_covered_display": "99.2", "missing_lines": 1, "excluded_lines": 0, "percent_statements_covered": 99.48453608247422, "percent_statements_covered_display": "99.5", "num_branches": 58, "num_partial_branches": 1, "covered_branches": 57, "missing_branches": 1, "percent_branches_covered": 98.27586206896552, "percent_branches_covered_display": "98.3"}, "missing_lines": [355], "excluded_lines": [], "executed_branches": [[138, 139], [138, 141], [142, 143], [142, 152], [146, 147], [146, 148], [148, 149], [148, 150], [152, 153], [152, 162], [162, 163], [162, 171], [164, 165], [164, 170], [171, 172], [171, 178], [173, 174], [173, 178], [179, -137], [179, 180], [196, 197], [196, 202], [203, 204], [203, 206], [219, 220], [219, 222], [227, 228], [227, 229], [244, 245], [244, 246], [246, 247], [246, 248], [248, 249], [248, 250], [250, 251], [250, 253], [289, 290], [289, 292], [300, 301], [300, 302], [307, 308], [307, 310], [315, 316], [315, 317], [317, 318], [317, 320], [320, 321], [320, 323], [323, 324], [323, 326], [326, 327], [326, 332], [328, 329], [328, 330], [348, 349], [348, 351], [354, -1]], "missing_branches": [[354, 355]], "functions": {"build_parser": {"executed_lines": [22, 26, 27, 29, 30, 32, 36, 37, 38, 44, 46, 50, 51, 52, 53, 59, 61, 62, 63, 64, 65, 66, 72, 78, 79, 82, 83, 84, 93, 101, 109, 118, 120, 123, 124, 129, 134], "summary": {"covered_lines": 37, "num_statements": 37, "percent_covered": 100.0, "percent_covered_display": "100.0", "missing_lines": 0, "excluded_lines": 0, "percent_statements_covered": 100.0, "percent_statements_covered_display": "100.0", "num_branches": 0, "num_partial_branches": 0, "covered_branches": 0, "missing_branches": 0, "percent_branches_covered": 100.0, "percent_branches_covered_display": "100.0"}, "missing_lines": [], "excluded_lines": [], "start_line": 21, "executed_branches": [], "missing_branches": []}, "_print_human": {"executed_lines": [138, 139, 140, 141, 142, 143, 144, 145, 146, 147, 148, 149, 150, 151, 152, 153, 154, 159, 160, 161, 162, 163, 164, 165, 166, 170, 171, 172, 173, 174, 175, 176, 177, 178, 179, 180], "summary": {"covered_lines": 36, "num_statements": 36, "percent_covered": 100.0, "percent_covered_display": "100.0", "missing_lines": 0, "excluded_lines": 0, "percent_statements_covered": 100.0, "percent_statements_covered_display": "100.0", "num_branches": 20, "num_partial_branches": 0, "covered_branches": 20, "missing_branches": 0, "percent_branches_covered": 100.0, "percent_branches_covered_display": "100.0"}, "missing_lines": [], "excluded_lines": [], "start_line": 137, "executed_branches": [[138, 139], [138, 141], [142, 143], [142, 152], [146, 147], [146, 148], [148, 149], [148, 150], [152, 153], [152, 162], [162, 163], [162, 171], [164, 165], [164, 170], [171, 172], [171, 178], [173, 174], [173, 178], [179, -137], [179, 180]], "missing_branches": []}, "_analyze": {"executed_lines": [184, 185, 186, 187, 188, 189, 194, 195, 196, 197, 202, 203, 204, 206, 207, 208, 209, 210], "summary": {"covered_lines": 18, "num_statements": 18, "percent_covered": 100.0, "percent_covered_display": "100.0", "missing_lines": 0, "excluded_lines": 0, "percent_statements_covered": 100.0, "percent_statements_covered_display": "100.0", "num_branches": 4, "num_partial_branches": 0, "covered_branches": 4, "missing_branches": 0, "percent_branches_covered": 100.0, "percent_branches_covered_display": "100.0"}, "missing_lines": [], "excluded_lines": [], "start_line": 183, "executed_branches": [[196, 197], [196, 202], [203, 204], [203, 206]], "missing_branches": []}, "_inspect": {"executed_lines": [214, 215, 216, 217, 218, 219, 220, 222, 223, 224, 225, 226, 227, 228, 229], "summary": {"covered_lines": 15, "num_statements": 15, "percent_covered": 100.0, "percent_covered_display": "100.0", "missing_lines": 0, "excluded_lines": 0, "percent_statements_covered": 100.0, "percent_statements_covered_display": "100.0", "num_branches": 4, "num_partial_branches": 0, "covered_branches": 4, "missing_branches": 0, "percent_branches_covered": 100.0, "percent_branches_covered_display": "100.0"}, "missing_lines": [], "excluded_lines": [], "start_line": 213, "executed_branches": [[219, 220], [219, 222], [227, 228], [227, 229]], "missing_branches": []}, "_doctor_payload": {"executed_lines": [233, 234, 235, 236, 237, 238, 240, 241, 242, 243, 244, 245, 246, 247, 248, 249, 250, 251, 253], "summary": {"covered_lines": 19, "num_statements": 19, "percent_covered": 100.0, "percent_covered_display": "100.0", "missing_lines": 0, "excluded_lines": 0, "percent_statements_covered": 100.0, "percent_statements_covered_display": "100.0", "num_branches": 8, "num_partial_branches": 0, "covered_branches": 8, "missing_branches": 0, "percent_branches_covered": 100.0, "percent_branches_covered_display": "100.0"}, "missing_lines": [], "excluded_lines": [], "start_line": 232, "executed_branches": [[244, 245], [244, 246], [246, 247], [246, 248], [248, 249], [248, 250], [250, 251], [250, 253]], "missing_branches": []}, "_doctor": {"executed_lines": [282, 283, 284, 285, 286, 287, 289, 290, 292, 293, 294, 295, 296, 297, 298, 299, 300, 301, 302, 306, 307, 308, 310], "summary": {"covered_lines": 23, "num_statements": 23, "percent_covered": 100.0, "percent_covered_display": "100.0", "missing_lines": 0, "excluded_lines": 0, "percent_statements_covered": 100.0, "percent_statements_covered_display": "100.0", "num_branches": 6, "num_partial_branches": 0, "covered_branches": 6, "missing_branches": 0, "percent_branches_covered": 100.0, "percent_branches_covered_display": "100.0"}, "missing_lines": [], "excluded_lines": [], "start_line": 281, "executed_branches": [[289, 290], [289, 292], [300, 301], [300, 302], [307, 308], [307, 310]], "missing_branches": []}, "main": {"executed_lines": [314, 315, 316, 317, 318, 319, 320, 321, 322, 323, 324, 325, 326, 327, 328, 329, 330, 332, 348, 349, 351], "summary": {"covered_lines": 21, "num_statements": 21, "percent_covered": 100.0, "percent_covered_display": "100.0", "missing_lines": 0, "excluded_lines": 0, "percent_statements_covered": 100.0, "percent_statements_covered_display": "100.0", "num_branches": 14, "num_partial_branches": 0, "covered_branches": 14, "missing_branches": 0, "percent_branches_covered": 100.0, "percent_branches_covered_display": "100.0"}, "missing_lines": [], "excluded_lines": [], "start_line": 313, "executed_branches": [[315, 316], [315, 317], [317, 318], [317, 320], [320, 321], [320, 323], [323, 324], [323, 326], [326, 327], [326, 332], [328, 329], [328, 330], [348, 349], [348, 351]], "missing_branches": []}, "": {"executed_lines": [1, 3, 4, 5, 6, 7, 9, 10, 11, 12, 13, 14, 15, 16, 17, 18, 21, 137, 183, 213, 232, 281, 313, 354], "summary": {"covered_lines": 24, "num_statements": 25, "percent_covered": 92.5925925925926, "percent_covered_display": "92.6", "missing_lines": 1, "excluded_lines": 0, "percent_statements_covered": 96.0, "percent_statements_covered_display": "96.0", "num_branches": 2, "num_partial_branches": 1, "covered_branches": 1, "missing_branches": 1, "percent_branches_covered": 50.0, "percent_branches_covered_display": "50.0"}, "missing_lines": [355], "excluded_lines": [], "start_line": 1, "executed_branches": [[354, -1]], "missing_branches": [[354, 355]]}}, "classes": {"": {"executed_lines": [1, 3, 4, 5, 6, 7, 9, 10, 11, 12, 13, 14, 15, 16, 17, 18, 21, 22, 26, 27, 29, 30, 32, 36, 37, 38, 44, 46, 50, 51, 52, 53, 59, 61, 62, 63, 64, 65, 66, 72, 78, 79, 82, 83, 84, 93, 101, 109, 118, 120, 123, 124, 129, 134, 137, 138, 139, 140, 141, 142, 143, 144, 145, 146, 147, 148, 149, 150, 151, 152, 153, 154, 159, 160, 161, 162, 163, 164, 165, 166, 170, 171, 172, 173, 174, 175, 176, 177, 178, 179, 180, 183, 184, 185, 186, 187, 188, 189, 194, 195, 196, 197, 202, 203, 204, 206, 207, 208, 209, 210, 213, 214, 215, 216, 217, 218, 219, 220, 222, 223, 224, 225, 226, 227, 228, 229, 232, 233, 234, 235, 236, 237, 238, 240, 241, 242, 243, 244, 245, 246, 247, 248, 249, 250, 251, 253, 281, 282, 283, 284, 285, 286, 287, 289, 290, 292, 293, 294, 295, 296, 297, 298, 299, 300, 301, 302, 306, 307, 308, 310, 313, 314, 315, 316, 317, 318, 319, 320, 321, 322, 323, 324, 325, 326, 327, 328, 329, 330, 332, 348, 349, 351, 354], "summary": {"covered_lines": 193, "num_statements": 194, "percent_covered": 99.2063492063492, "percent_covered_display": "99.2", "missing_lines": 1, "excluded_lines": 0, "percent_statements_covered": 99.48453608247422, "percent_statements_covered_display": "99.5", "num_branches": 58, "num_partial_branches": 1, "covered_branches": 57, "missing_branches": 1, "percent_branches_covered": 98.27586206896552, "percent_branches_covered_display": "98.3"}, "missing_lines": [355], "excluded_lines": [], "start_line": 1, "executed_branches": [[138, 139], [138, 141], [142, 143], [142, 152], [146, 147], [146, 148], [148, 149], [148, 150], [152, 153], [152, 162], [162, 163], [162, 171], [164, 165], [164, 170], [171, 172], [171, 178], [173, 174], [173, 178], [179, -137], [179, 180], [196, 197], [196, 202], [203, 204], [203, 206], [219, 220], [219, 222], [227, 228], [227, 229], [244, 245], [244, 246], [246, 247], [246, 248], [248, 249], [248, 250], [250, 251], [250, 253], [289, 290], [289, 292], [300, 301], [300, 302], [307, 308], [307, 310], [315, 316], [315, 317], [317, 318], [317, 320], [320, 321], [320, 323], [323, 324], [323, 326], [326, 327], [326, 332], [328, 329], [328, 330], [348, 349], [348, 351], [354, -1]], "missing_branches": [[354, 355]]}}}, "src/reproagent/config.py": {"executed_lines": [1, 3, 4, 5, 6, 7, 8, 10, 11, 12, 14, 15, 16, 17, 18, 19, 20, 23, 32, 33, 34, 35, 37, 38, 40, 41, 42, 43, 44, 49, 50, 51, 52, 55, 56, 57, 58, 59, 60, 61, 62, 63, 64, 65, 66, 67, 70, 71, 74, 75, 76, 77, 78, 79, 80, 81, 82, 83, 84, 87, 88, 89, 90, 91, 94, 95, 96, 97, 98, 99, 100, 101, 102, 103, 106, 107, 108, 109, 110, 111, 112, 113, 114, 115, 116, 117, 120, 121, 122, 123, 125, 128, 129, 130, 131, 132, 134, 135, 136, 139, 140, 141, 144, 145, 146, 149, 150, 151, 152, 153, 155, 158, 195, 196, 197, 200, 201, 202, 203, 204, 205, 207, 209, 210, 212, 213, 216, 219, 220, 222, 223, 225, 240, 241, 244, 257, 262, 272, 274, 284, 285, 288, 293, 294, 295, 299, 302, 303, 306, 307, 308, 309, 310, 311, 312, 314, 318, 323, 324, 325, 326, 327, 329, 337, 338, 339, 340, 341, 343, 344, 346, 349, 352, 354, 355, 357, 358, 360, 362, 363, 364, 377], "summary": {"covered_lines": 182, "num_statements": 229, "percent_covered": 74.4408945686901, "percent_covered_display": "74.4", "missing_lines": 47, "excluded_lines": 0, "percent_statements_covered": 79.47598253275109, "percent_statements_covered_display": "79.5", "num_branches": 84, "num_partial_branches": 23, "covered_branches": 51, "missing_branches": 33, "percent_branches_covered": 60.714285714285715, "percent_branches_covered_display": "60.7"}, "missing_lines": [39, 45, 46, 124, 133, 142, 143, 154, 159, 160, 161, 163, 164, 165, 166, 167, 169, 170, 171, 172, 173, 174, 176, 177, 178, 180, 198, 208, 211, 217, 221, 263, 273, 275, 286, 287, 289, 296, 300, 304, 328, 342, 345, 353, 356, 359, 361], "excluded_lines": [], "executed_branches": [[33, 34], [33, 35], [38, 40], [41, 42], [41, 52], [49, 50], [49, 51], [121, 122], [121, 123], [123, 125], [130, 131], [130, 132], [132, 134], [134, 135], [134, 136], [144, 145], [144, 146], [151, 152], [151, 153], [153, 155], [197, 200], [207, 209], [209, 210], [209, 216], [210, 212], [212, 213], [216, 219], [220, 222], [262, 272], [272, 274], [274, 284], [288, 293], [299, 302], [303, 306], [308, 309], [308, 310], [311, 312], [311, 314], [324, 325], [324, 337], [327, 329], [338, 339], [338, 377], [341, 343], [344, 346], [352, 354], [355, 357], [358, 360], [360, 362], [362, 363], [362, 364]], "missing_branches": [[38, 39], [123, 124], [132, 133], [153, 154], [160, 161], [160, 163], [169, 170], [169, 171], [171, 172], [171, 173], [173, 174], [173, 176], [177, 178], [177, 180], [197, 198], [207, 208], [210, 211], [212, 216], [216, 217], [220, 221], [262, 263], [272, 273], [274, 275], [288, 289], [299, 300], [303, 304], [327, 328], [341, 342], [344, 345], [352, 353], [355, 356], [358, 359], [360, 361]], "functions": {"_StrictManifestLoader.compose_node": {"executed_lines": [33, 34, 35], "summary": {"covered_lines": 3, "num_statements": 3, "percent_covered": 100.0, "percent_covered_display": "100.0", "missing_lines": 0, "excluded_lines": 0, "percent_statements_covered": 100.0, "percent_statements_covered_display": "100.0", "num_branches": 2, "num_partial_branches": 0, "covered_branches": 2, "missing_branches": 0, "percent_branches_covered": 100.0, "percent_branches_covered_display": "100.0"}, "missing_lines": [], "excluded_lines": [], "start_line": 32, "executed_branches": [[33, 34], [33, 35]], "missing_branches": []}, "_StrictManifestLoader.construct_mapping": {"executed_lines": [38, 40, 41, 42, 43, 44, 49, 50, 51, 52], "summary": {"covered_lines": 10, "num_statements": 13, "percent_covered": 78.94736842105263, "percent_covered_display": "78.9", "missing_lines": 3, "excluded_lines": 0, "percent_statements_covered": 76.92307692307692, "percent_statements_covered_display": "76.9", "num_branches": 6, "num_partial_branches": 1, "covered_branches": 5, "missing_branches": 1, "percent_branches_covered": 83.33333333333333, "percent_branches_covered_display": "83.3"}, "missing_lines": [39, 45, 46], "excluded_lines": [], "start_line": 37, "executed_branches": [[38, 40], [41, 42], [41, 52], [49, 50], [49, 51]], "missing_branches": [[38, 39]]}, "_as_dict": {"executed_lines": [121, 122, 123, 125], "summary": {"covered_lines": 4, "num_statements": 5, "percent_covered": 77.77777777777777, "percent_covered_display": "77.8", "missing_lines": 1, "excluded_lines": 0, "percent_statements_covered": 80.0, "percent_statements_covered_display": "80.0", "num_branches": 4, "num_partial_branches": 1, "covered_branches": 3, "missing_branches": 1, "percent_branches_covered": 75.0, "percent_branches_covered_display": "75.0"}, "missing_lines": [124], "excluded_lines": [], "start_line": 120, "executed_branches": [[121, 122], [121, 123], [123, 125]], "missing_branches": [[123, 124]]}, "_bounded_sequence": {"executed_lines": [129, 130, 131, 132, 134, 135, 136], "summary": {"covered_lines": 7, "num_statements": 8, "percent_covered": 85.71428571428571, "percent_covered_display": "85.7", "missing_lines": 1, "excluded_lines": 0, "percent_statements_covered": 87.5, "percent_statements_covered_display": "87.5", "num_branches": 6, "num_partial_branches": 1, "covered_branches": 5, "missing_branches": 1, "percent_branches_covered": 83.33333333333333, "percent_branches_covered_display": "83.3"}, "missing_lines": [133], "excluded_lines": [], "start_line": 128, "executed_branches": [[130, 131], [130, 132], [132, 134], [134, 135], [134, 136]], "missing_branches": [[132, 133]]}, "_finite_float": {"executed_lines": [140, 141, 144, 145, 146], "summary": {"covered_lines": 5, "num_statements": 7, "percent_covered": 77.77777777777777, "percent_covered_display": "77.8", "missing_lines": 2, "excluded_lines": 0, "percent_statements_covered": 71.42857142857143, "percent_statements_covered_display": "71.4", "num_branches": 2, "num_partial_branches": 0, "covered_branches": 2, "missing_branches": 0, "percent_branches_covered": 100.0, "percent_branches_covered_display": "100.0"}, "missing_lines": [142, 143], "excluded_lines": [], "start_line": 139, "executed_branches": [[144, 145], [144, 146]], "missing_branches": []}, "_checksum": {"executed_lines": [150, 151, 152, 153, 155], "summary": {"covered_lines": 5, "num_statements": 6, "percent_covered": 80.0, "percent_covered_display": "80.0", "missing_lines": 1, "excluded_lines": 0, "percent_statements_covered": 83.33333333333333, "percent_statements_covered_display": "83.3", "num_branches": 4, "num_partial_branches": 1, "covered_branches": 3, "missing_branches": 1, "percent_branches_covered": 75.0, "percent_branches_covered_display": "75.0"}, "missing_lines": [154], "excluded_lines": [], "start_line": 149, "executed_branches": [[151, 152], [151, 153], [153, 155]], "missing_branches": [[153, 154]]}, "_dataset_spec": {"executed_lines": [], "summary": {"covered_lines": 0, "num_statements": 18, "percent_covered": 0.0, "percent_covered_display": "0.0", "missing_lines": 18, "excluded_lines": 0, "percent_statements_covered": 0.0, "percent_statements_covered_display": "0.0", "num_branches": 10, "num_partial_branches": 0, "covered_branches": 0, "missing_branches": 10, "percent_branches_covered": 0.0, "percent_branches_covered_display": "0.0"}, "missing_lines": [159, 160, 161, 163, 164, 165, 166, 167, 169, 170, 171, 172, 173, 174, 176, 177, 178, 180], "excluded_lines": [], "start_line": 158, "executed_branches": [], "missing_branches": [[160, 161], [160, 163], [169, 170], [169, 171], [171, 172], [171, 173], [173, 174], [173, 176], [177, 178], [177, 180]]}, "_model_artifact_spec": {"executed_lines": [196, 197, 200, 201, 202, 203, 204, 205, 207, 209, 210, 212, 213, 216, 219, 220, 222, 223, 225], "summary": {"covered_lines": 19, "num_statements": 24, "percent_covered": 71.05263157894737, "percent_covered_display": "71.1", "missing_lines": 5, "excluded_lines": 0, "percent_statements_covered": 79.16666666666667, "percent_statements_covered_display": "79.2", "num_branches": 14, "num_partial_branches": 6, "covered_branches": 8, "missing_branches": 6, "percent_branches_covered": 57.142857142857146, "percent_branches_covered_display": "57.1"}, "missing_lines": [198, 208, 211, 217, 221], "excluded_lines": [], "start_line": 195, "executed_branches": [[197, 200], [207, 209], [209, 210], [209, 216], [210, 212], [212, 213], [216, 219], [220, 222]], "missing_branches": [[197, 198], [207, 208], [210, 211], [212, 216], [216, 217], [220, 221]]}, "_host_trusts_repository_contract": {"executed_lines": [241], "summary": {"covered_lines": 1, "num_statements": 1, "percent_covered": 100.0, "percent_covered_display": "100.0", "missing_lines": 0, "excluded_lines": 0, "percent_statements_covered": 100.0, "percent_statements_covered_display": "100.0", "num_branches": 0, "num_partial_branches": 0, "covered_branches": 0, "missing_branches": 0, "percent_branches_covered": 100.0, "percent_branches_covered_display": "100.0"}, "missing_lines": [], "excluded_lines": [], "start_line": 240, "executed_branches": [], "missing_branches": []}, "load_manifest": {"executed_lines": [257, 262, 272, 274, 284, 285, 288, 293, 294, 295, 299, 302, 303, 306, 307, 308, 309, 310, 311, 312, 314, 318, 323, 324, 325, 326, 327, 329, 337, 338, 339, 340, 341, 343, 344, 346, 349, 352, 354, 355, 357, 358, 360, 362, 363, 364, 377], "summary": {"covered_lines": 47, "num_statements": 63, "percent_covered": 70.70707070707071, "percent_covered_display": "70.7", "missing_lines": 16, "excluded_lines": 0, "percent_statements_covered": 74.60317460317461, "percent_statements_covered_display": "74.6", "num_branches": 36, "num_partial_branches": 13, "covered_branches": 23, "missing_branches": 13, "percent_branches_covered": 63.888888888888886, "percent_branches_covered_display": "63.9"}, "missing_lines": [263, 273, 275, 286, 287, 289, 296, 300, 304, 328, 342, 345, 353, 356, 359, 361], "excluded_lines": [], "start_line": 244, "executed_branches": [[262, 272], [272, 274], [274, 284], [288, 293], [299, 302], [303, 306], [308, 309], [308, 310], [311, 312], [311, 314], [324, 325], [324, 337], [327, 329], [338, 339], [338, 377], [341, 343], [344, 346], [352, 354], [355, 357], [358, 360], [360, 362], [362, 363], [362, 364]], "missing_branches": [[262, 263], [272, 273], [274, 275], [288, 289], [299, 300], [303, 304], [327, 328], [341, 342], [344, 345], [352, 353], [355, 356], [358, 359], [360, 361]]}, "": {"executed_lines": [1, 3, 4, 5, 6, 7, 8, 10, 11, 12, 14, 15, 16, 17, 18, 19, 20, 23, 32, 37, 55, 56, 57, 58, 59, 60, 61, 62, 63, 64, 65, 66, 67, 70, 71, 74, 75, 76, 77, 78, 79, 80, 81, 82, 83, 84, 87, 88, 89, 90, 91, 94, 95, 96, 97, 98, 99, 100, 101, 102, 103, 106, 107, 108, 109, 110, 111, 112, 113, 114, 115, 116, 117, 120, 128, 139, 149, 158, 195, 240, 244], "summary": {"covered_lines": 81, "num_statements": 81, "percent_covered": 100.0, "percent_covered_display": "100.0", "missing_lines": 0, "excluded_lines": 0, "percent_statements_covered": 100.0, "percent_statements_covered_display": "100.0", "num_branches": 0, "num_partial_branches": 0, "covered_branches": 0, "missing_branches": 0, "percent_branches_covered": 100.0, "percent_branches_covered_display": "100.0"}, "missing_lines": [], "excluded_lines": [], "start_line": 1, "executed_branches": [], "missing_branches": []}}, "classes": {"_StrictManifestLoader": {"executed_lines": [33, 34, 35, 38, 40, 41, 42, 43, 44, 49, 50, 51, 52], "summary": {"covered_lines": 13, "num_statements": 16, "percent_covered": 83.33333333333333, "percent_covered_display": "83.3", "missing_lines": 3, "excluded_lines": 0, "percent_statements_covered": 81.25, "percent_statements_covered_display": "81.2", "num_branches": 8, "num_partial_branches": 1, "covered_branches": 7, "missing_branches": 1, "percent_branches_covered": 87.5, "percent_branches_covered_display": "87.5"}, "missing_lines": [39, 45, 46], "excluded_lines": [], "start_line": 23, "executed_branches": [[33, 34], [33, 35], [38, 40], [41, 42], [41, 52], [49, 50], [49, 51]], "missing_branches": [[38, 39]]}, "DatasetSpec": {"executed_lines": [], "summary": {"covered_lines": 0, "num_statements": 0, "percent_covered": 100.0, "percent_covered_display": "100.0", "missing_lines": 0, "excluded_lines": 0, "percent_statements_covered": 100.0, "percent_statements_covered_display": "100.0", "num_branches": 0, "num_partial_branches": 0, "covered_branches": 0, "missing_branches": 0, "percent_branches_covered": 100.0, "percent_branches_covered_display": "100.0"}, "missing_lines": [], "excluded_lines": [], "start_line": 56, "executed_branches": [], "missing_branches": []}, "ModelArtifactSpec": {"executed_lines": [], "summary": {"covered_lines": 0, "num_statements": 0, "percent_covered": 100.0, "percent_covered_display": "100.0", "missing_lines": 0, "excluded_lines": 0, "percent_statements_covered": 100.0, "percent_statements_covered_display": "100.0", "num_branches": 0, "num_partial_branches": 0, "covered_branches": 0, "missing_branches": 0, "percent_branches_covered": 100.0, "percent_branches_covered_display": "100.0"}, "missing_lines": [], "excluded_lines": [], "start_line": 71, "executed_branches": [], "missing_branches": []}, "MetricSpec": {"executed_lines": [], "summary": {"covered_lines": 0, "num_statements": 0, "percent_covered": 100.0, "percent_covered_display": "100.0", "missing_lines": 0, "excluded_lines": 0, "percent_statements_covered": 100.0, "percent_statements_covered_display": "100.0", "num_branches": 0, "num_partial_branches": 0, "covered_branches": 0, "missing_branches": 0, "percent_branches_covered": 100.0, "percent_branches_covered_display": "100.0"}, "missing_lines": [], "excluded_lines": [], "start_line": 88, "executed_branches": [], "missing_branches": []}, "ArtifactSpec": {"executed_lines": [], "summary": {"covered_lines": 0, "num_statements": 0, "percent_covered": 100.0, "percent_covered_display": "100.0", "missing_lines": 0, "excluded_lines": 0, "percent_statements_covered": 100.0, "percent_statements_covered_display": "100.0", "num_branches": 0, "num_partial_branches": 0, "covered_branches": 0, "missing_branches": 0, "percent_branches_covered": 100.0, "percent_branches_covered_display": "100.0"}, "missing_lines": [], "excluded_lines": [], "start_line": 95, "executed_branches": [], "missing_branches": []}, "ReproManifest": {"executed_lines": [], "summary": {"covered_lines": 0, "num_statements": 0, "percent_covered": 100.0, "percent_covered_display": "100.0", "missing_lines": 0, "excluded_lines": 0, "percent_statements_covered": 100.0, "percent_statements_covered_display": "100.0", "num_branches": 0, "num_partial_branches": 0, "covered_branches": 0, "missing_branches": 0, "percent_branches_covered": 100.0, "percent_branches_covered_display": "100.0"}, "missing_lines": [], "excluded_lines": [], "start_line": 107, "executed_branches": [], "missing_branches": []}, "": {"executed_lines": [1, 3, 4, 5, 6, 7, 8, 10, 11, 12, 14, 15, 16, 17, 18, 19, 20, 23, 32, 37, 55, 56, 57, 58, 59, 60, 61, 62, 63, 64, 65, 66, 67, 70, 71, 74, 75, 76, 77, 78, 79, 80, 81, 82, 83, 84, 87, 88, 89, 90, 91, 94, 95, 96, 97, 98, 99, 100, 101, 102, 103, 106, 107, 108, 109, 110, 111, 112, 113, 114, 115, 116, 117, 120, 121, 122, 123, 125, 128, 129, 130, 131, 132, 134, 135, 136, 139, 140, 141, 144, 145, 146, 149, 150, 151, 152, 153, 155, 158, 195, 196, 197, 200, 201, 202, 203, 204, 205, 207, 209, 210, 212, 213, 216, 219, 220, 222, 223, 225, 240, 241, 244, 257, 262, 272, 274, 284, 285, 288, 293, 294, 295, 299, 302, 303, 306, 307, 308, 309, 310, 311, 312, 314, 318, 323, 324, 325, 326, 327, 329, 337, 338, 339, 340, 341, 343, 344, 346, 349, 352, 354, 355, 357, 358, 360, 362, 363, 364, 377], "summary": {"covered_lines": 169, "num_statements": 213, "percent_covered": 73.70242214532873, "percent_covered_display": "73.7", "missing_lines": 44, "excluded_lines": 0, "percent_statements_covered": 79.34272300469483, "percent_statements_covered_display": "79.3", "num_branches": 76, "num_partial_branches": 22, "covered_branches": 44, "missing_branches": 32, "percent_branches_covered": 57.89473684210526, "percent_branches_covered_display": "57.9"}, "missing_lines": [124, 133, 142, 143, 154, 159, 160, 161, 163, 164, 165, 166, 167, 169, 170, 171, 172, 173, 174, 176, 177, 178, 180, 198, 208, 211, 217, 221, 263, 273, 275, 286, 287, 289, 296, 300, 304, 328, 342, 345, 353, 356, 359, 361], "excluded_lines": [], "start_line": 1, "executed_branches": [[121, 122], [121, 123], [123, 125], [130, 131], [130, 132], [132, 134], [134, 135], [134, 136], [144, 145], [144, 146], [151, 152], [151, 153], [153, 155], [197, 200], [207, 209], [209, 210], [209, 216], [210, 212], [212, 213], [216, 219], [220, 222], [262, 272], [272, 274], [274, 284], [288, 293], [299, 302], [303, 306], [308, 309], [308, 310], [311, 312], [311, 314], [324, 325], [324, 337], [327, 329], [338, 339], [338, 377], [341, 343], [344, 346], [352, 354], [355, 357], [358, 360], [360, 362], [362, 363], [362, 364]], "missing_branches": [[123, 124], [132, 133], [153, 154], [160, 161], [160, 163], [169, 170], [169, 171], [171, 172], [171, 173], [173, 174], [173, 176], [177, 178], [177, 180], [197, 198], [207, 208], [210, 211], [212, 216], [216, 217], [220, 221], [262, 263], [272, 273], [274, 275], [288, 289], [299, 300], [303, 304], [327, 328], [341, 342], [344, 345], [352, 353], [355, 356], [358, 359], [360, 361]]}}}, "src/reproagent/core.py": {"executed_lines": [1, 3, 6, 7, 8, 9, 11, 12, 15, 16, 17, 18, 19], "summary": {"covered_lines": 13, "num_statements": 13, "percent_covered": 100.0, "percent_covered_display": "100.0", "missing_lines": 0, "excluded_lines": 0, "percent_statements_covered": 100.0, "percent_statements_covered_display": "100.0", "num_branches": 2, "num_partial_branches": 0, "covered_branches": 2, "missing_branches": 0, "percent_branches_covered": 100.0, "percent_branches_covered_display": "100.0"}, "missing_lines": [], "excluded_lines": [], "executed_branches": [[17, 18], [17, 19]], "missing_branches": [], "functions": {"ReproductionPlan.to_dict": {"executed_lines": [12], "summary": {"covered_lines": 1, "num_statements": 1, "percent_covered": 100.0, "percent_covered_display": "100.0", "missing_lines": 0, "excluded_lines": 0, "percent_statements_covered": 100.0, "percent_statements_covered_display": "100.0", "num_branches": 0, "num_partial_branches": 0, "covered_branches": 0, "missing_branches": 0, "percent_branches_covered": 100.0, "percent_branches_covered_display": "100.0"}, "missing_lines": [], "excluded_lines": [], "start_line": 11, "executed_branches": [], "missing_branches": []}, "build_reproduction_plan": {"executed_lines": [16, 17, 18, 19], "summary": {"covered_lines": 4, "num_statements": 4, "percent_covered": 100.0, "percent_covered_display": "100.0", "missing_lines": 0, "excluded_lines": 0, "percent_statements_covered": 100.0, "percent_statements_covered_display": "100.0", "num_branches": 2, "num_partial_branches": 0, "covered_branches": 2, "missing_branches": 0, "percent_branches_covered": 100.0, "percent_branches_covered_display": "100.0"}, "missing_lines": [], "excluded_lines": [], "start_line": 15, "executed_branches": [[17, 18], [17, 19]], "missing_branches": []}, "": {"executed_lines": [1, 3, 6, 7, 8, 9, 11, 15], "summary": {"covered_lines": 8, "num_statements": 8, "percent_covered": 100.0, "percent_covered_display": "100.0", "missing_lines": 0, "excluded_lines": 0, "percent_statements_covered": 100.0, "percent_statements_covered_display": "100.0", "num_branches": 0, "num_partial_branches": 0, "covered_branches": 0, "missing_branches": 0, "percent_branches_covered": 100.0, "percent_branches_covered_display": "100.0"}, "missing_lines": [], "excluded_lines": [], "start_line": 1, "executed_branches": [], "missing_branches": []}}, "classes": {"ReproductionPlan": {"executed_lines": [12], "summary": {"covered_lines": 1, "num_statements": 1, "percent_covered": 100.0, "percent_covered_display": "100.0", "missing_lines": 0, "excluded_lines": 0, "percent_statements_covered": 100.0, "percent_statements_covered_display": "100.0", "num_branches": 0, "num_partial_branches": 0, "covered_branches": 0, "missing_branches": 0, "percent_branches_covered": 100.0, "percent_branches_covered_display": "100.0"}, "missing_lines": [], "excluded_lines": [], "start_line": 7, "executed_branches": [], "missing_branches": []}, "": {"executed_lines": [1, 3, 6, 7, 8, 9, 11, 15, 16, 17, 18, 19], "summary": {"covered_lines": 12, "num_statements": 12, "percent_covered": 100.0, "percent_covered_display": "100.0", "missing_lines": 0, "excluded_lines": 0, "percent_statements_covered": 100.0, "percent_statements_covered_display": "100.0", "num_branches": 2, "num_partial_branches": 0, "covered_branches": 2, "missing_branches": 0, "percent_branches_covered": 100.0, "percent_branches_covered_display": "100.0"}, "missing_lines": [], "excluded_lines": [], "start_line": 1, "executed_branches": [[17, 18], [17, 19]], "missing_branches": []}}}, "src/reproagent/datasets.py": {"executed_lines": [1, 3, 4, 5, 6, 7, 8, 9, 10, 11, 12, 13, 15, 16, 19, 21, 23, 26, 30, 31, 32, 33, 34, 35, 36, 37, 38, 40, 43, 44, 45, 46, 47, 48, 49, 50, 51, 52, 53, 56, 57, 60, 61, 67, 68, 71, 72, 78, 79, 85, 86, 92, 93, 94, 95, 96, 97, 98, 101, 102, 103, 104, 105, 106, 107, 108, 109, 112, 116, 117, 118, 119, 120, 121, 122, 123, 125, 128, 132, 133, 134, 135, 136, 137, 139, 140, 141, 142, 143, 147, 148, 149, 150, 151, 152, 153, 154, 155, 156, 157, 158, 159, 162, 165, 167, 168, 169, 172, 175, 176, 177, 178, 179, 180, 181, 182, 185, 186, 187, 188, 189, 190, 191, 192, 193, 194, 195, 196, 198, 201, 202, 203, 204, 207, 210, 211, 212, 218, 219, 220, 222, 223, 224, 226, 227, 228, 230, 231, 232, 233, 236, 237, 238, 239, 240, 241, 242, 243, 244, 245, 246, 248, 249, 252, 258, 259, 260, 261, 262, 263, 264, 265, 266, 267, 268, 269, 270, 272, 273, 278, 279, 280, 281, 282, 285, 286, 287, 288, 289, 290, 292, 293, 294, 295, 296, 297, 298, 299, 300, 301, 302, 303, 304, 305, 306, 308, 310, 311, 314, 315, 316, 317, 318, 319, 320, 321, 327, 334, 335, 336, 337, 338, 339, 343, 344, 348, 350, 353, 354, 355, 356, 357, 358, 361, 363, 364, 372, 375, 376, 379, 382, 383, 384, 385, 386, 387, 390, 391, 392, 393, 394, 395, 396, 397, 398, 399, 400, 401, 402, 403, 404, 405, 408, 409, 410, 411, 412, 413, 414, 416, 417, 418, 419, 420, 421, 422, 423, 424, 425, 426, 427, 428, 429, 430, 431, 432, 433, 434, 437, 438, 439, 440, 441, 442, 443, 444, 445, 446, 447, 450, 451, 452, 453, 454, 455, 456, 457, 464, 465, 466, 467, 468, 469, 470, 471, 474, 475, 476, 477, 478, 479, 484, 485, 486, 487, 488, 489, 490, 491, 492, 494, 495, 496, 497, 498, 499, 500, 501, 502, 503, 504, 507, 508, 509, 510, 511, 512, 513, 514, 515, 517, 518, 519, 522, 523, 524, 525, 526, 529, 530, 531, 532, 535, 536, 537, 538, 539, 540, 541, 542, 546, 547, 550, 556, 557, 558, 563, 564, 565, 566, 567, 569, 570, 571, 572, 573, 575, 576, 577, 578, 579, 583, 584, 585, 586, 587, 588, 589, 590, 594, 595, 596, 597, 599, 600, 601, 602, 605, 606, 607, 609, 610, 611, 616, 620, 622, 623, 624, 625, 626, 627, 628, 631, 632, 633, 634, 635, 637, 639, 640, 641, 643, 644, 645, 646, 647, 648, 649, 655, 656, 657, 658, 659, 660, 661, 662, 663, 667, 668, 669, 670, 671, 672, 673, 677, 678, 679, 680, 681, 682, 683, 684, 685, 686, 688, 689, 691, 692, 693, 694, 695, 696, 698, 699, 700, 714, 715, 716], "summary": {"covered_lines": 478, "num_statements": 503, "percent_covered": 94.01459854014598, "percent_covered_display": "94.0", "missing_lines": 25, "excluded_lines": 2, "percent_statements_covered": 95.02982107355865, "percent_statements_covered_display": "95.0", "num_branches": 182, "num_partial_branches": 16, "covered_branches": 166, "missing_branches": 16, "percent_branches_covered": 91.20879120879121, "percent_branches_covered_display": "91.2"}, "missing_lines": [113, 124, 138, 163, 164, 170, 171, 197, 199, 200, 205, 206, 221, 225, 229, 271, 274, 275, 276, 291, 307, 568, 612, 613, 617], "excluded_lines": [17, 18], "executed_branches": [[45, 46], [45, 47], [51, 52], [51, 53], [93, 94], [93, 95], [96, 97], [96, 98], [102, 103], [102, 104], [105, -101], [105, 106], [108, 105], [108, 109], [118, 119], [118, 120], [123, 125], [134, 135], [134, 136], [137, 139], [149, 150], [149, 151], [158, 159], [158, 162], [167, 168], [167, 172], [192, 193], [192, 207], [193, 194], [193, 195], [196, 198], [203, 204], [220, 222], [227, 228], [230, 231], [230, 233], [238, 239], [238, 240], [244, 245], [244, 246], [259, 260], [259, 261], [267, 268], [267, 269], [270, 272], [279, 280], [279, 282], [287, 288], [287, 289], [289, 290], [289, 295], [290, 292], [292, 293], [292, 294], [295, 296], [295, 297], [302, 303], [302, 306], [306, 308], [316, 317], [316, 320], [320, 321], [320, 327], [335, 336], [335, 337], [356, 357], [356, 358], [364, 372], [364, 375], [375, 376], [375, 379], [385, 386], [385, 387], [391, 392], [391, 393], [393, 394], [393, 397], [395, 396], [397, 398], [397, 401], [399, 400], [401, 402], [403, 404], [403, 405], [413, 414], [413, 416], [420, 421], [420, 422], [423, 424], [423, 432], [430, 423], [430, 431], [432, 433], [432, 434], [440, 441], [440, 442], [442, 443], [442, 444], [444, 445], [444, 446], [446, -437], [446, 447], [453, 454], [453, 471], [464, 465], [464, 466], [468, 469], [468, 470], [496, 497], [496, 504], [498, 499], [498, 500], [502, 503], [509, 510], [509, 512], [512, 513], [512, 514], [514, 515], [514, 517], [523, 524], [523, 525], [530, 531], [530, 532], [538, 539], [538, 547], [541, 542], [541, 546], [557, 558], [557, 563], [567, 569], [575, 576], [575, 714], [578, 579], [578, 583], [589, 590], [589, 594], [599, 600], [599, 609], [601, 602], [601, 605], [616, 620], [623, 624], [623, 643], [627, 628], [627, 639], [631, 632], [631, 637], [643, 644], [643, 698], [657, 658], [657, 667], [662, 663], [662, 667], [668, 669], [668, 679], [669, 670], [669, 671], [672, 673], [672, 677], [680, 681], [680, 682], [688, 689], [691, 692], [691, 698], [714, 715], [714, 716]], "missing_branches": [[123, 124], [137, 138], [196, 197], [203, 192], [220, 221], [227, 229], [270, 271], [290, 291], [306, 307], [395, 397], [399, 401], [401, 405], [502, 496], [567, 568], [616, 617], [688, 691]], "functions": {"_positive_env_int": {"executed_lines": [44, 45, 46, 47, 48, 49, 50, 51, 52, 53], "summary": {"covered_lines": 10, "num_statements": 10, "percent_covered": 100.0, "percent_covered_display": "100.0", "missing_lines": 0, "excluded_lines": 0, "percent_statements_covered": 100.0, "percent_statements_covered_display": "100.0", "num_branches": 4, "num_partial_branches": 0, "covered_branches": 4, "missing_branches": 0, "percent_branches_covered": 100.0, "percent_branches_covered_display": "100.0"}, "missing_lines": [], "excluded_lines": [], "start_line": 43, "executed_branches": [[45, 46], [45, 47], [51, 52], [51, 53]], "missing_branches": []}, "_host_dataset_byte_limit": {"executed_lines": [57], "summary": {"covered_lines": 1, "num_statements": 1, "percent_covered": 100.0, "percent_covered_display": "100.0", "missing_lines": 0, "excluded_lines": 0, "percent_statements_covered": 100.0, "percent_statements_covered_display": "100.0", "num_branches": 0, "num_partial_branches": 0, "covered_branches": 0, "missing_branches": 0, "percent_branches_covered": 100.0, "percent_branches_covered_display": "100.0"}, "missing_lines": [], "excluded_lines": [], "start_line": 56, "executed_branches": [], "missing_branches": []}, "_host_total_dataset_byte_limit": {"executed_lines": [61], "summary": {"covered_lines": 1, "num_statements": 1, "percent_covered": 100.0, "percent_covered_display": "100.0", "missing_lines": 0, "excluded_lines": 0, "percent_statements_covered": 100.0, "percent_statements_covered_display": "100.0", "num_branches": 0, "num_partial_branches": 0, "covered_branches": 0, "missing_branches": 0, "percent_branches_covered": 100.0, "percent_branches_covered_display": "100.0"}, "missing_lines": [], "excluded_lines": [], "start_line": 60, "executed_branches": [], "missing_branches": []}, "_host_dataset_count_limit": {"executed_lines": [68], "summary": {"covered_lines": 1, "num_statements": 1, "percent_covered": 100.0, "percent_covered_display": "100.0", "missing_lines": 0, "excluded_lines": 0, "percent_statements_covered": 100.0, "percent_statements_covered_display": "100.0", "num_branches": 0, "num_partial_branches": 0, "covered_branches": 0, "missing_branches": 0, "percent_branches_covered": 100.0, "percent_branches_covered_display": "100.0"}, "missing_lines": [], "excluded_lines": [], "start_line": 67, "executed_branches": [], "missing_branches": []}, "_host_dataset_cache_byte_limit": {"executed_lines": [72], "summary": {"covered_lines": 1, "num_statements": 1, "percent_covered": 100.0, "percent_covered_display": "100.0", "missing_lines": 0, "excluded_lines": 0, "percent_statements_covered": 100.0, "percent_statements_covered_display": "100.0", "num_branches": 0, "num_partial_branches": 0, "covered_branches": 0, "missing_branches": 0, "percent_branches_covered": 100.0, "percent_branches_covered_display": "100.0"}, "missing_lines": [], "excluded_lines": [], "start_line": 71, "executed_branches": [], "missing_branches": []}, "_host_dataset_cache_entry_limit": {"executed_lines": [79], "summary": {"covered_lines": 1, "num_statements": 1, "percent_covered": 100.0, "percent_covered_display": "100.0", "missing_lines": 0, "excluded_lines": 0, "percent_statements_covered": 100.0, "percent_statements_covered_display": "100.0", "num_branches": 0, "num_partial_branches": 0, "covered_branches": 0, "missing_branches": 0, "percent_branches_covered": 100.0, "percent_branches_covered_display": "100.0"}, "missing_lines": [], "excluded_lines": [], "start_line": 78, "executed_branches": [], "missing_branches": []}, "_host_dataset_cache_lock_timeout_seconds": {"executed_lines": [86], "summary": {"covered_lines": 1, "num_statements": 1, "percent_covered": 100.0, "percent_covered_display": "100.0", "missing_lines": 0, "excluded_lines": 0, "percent_statements_covered": 100.0, "percent_statements_covered_display": "100.0", "num_branches": 0, "num_partial_branches": 0, "covered_branches": 0, "missing_branches": 0, "percent_branches_covered": 100.0, "percent_branches_covered_display": "100.0"}, "missing_lines": [], "excluded_lines": [], "start_line": 85, "executed_branches": [], "missing_branches": []}, "_validated_sha256": {"executed_lines": [93, 94, 95, 96, 97, 98], "summary": {"covered_lines": 6, "num_statements": 6, "percent_covered": 100.0, "percent_covered_display": "100.0", "missing_lines": 0, "excluded_lines": 0, "percent_statements_covered": 100.0, "percent_statements_covered_display": "100.0", "num_branches": 4, "num_partial_branches": 0, "covered_branches": 4, "missing_branches": 0, "percent_branches_covered": 100.0, "percent_branches_covered_display": "100.0"}, "missing_lines": [], "excluded_lines": [], "start_line": 92, "executed_branches": [[93, 94], [93, 95], [96, 97], [96, 98]], "missing_branches": []}, "_reject_symlink_components": {"executed_lines": [102, 103, 104, 105, 106, 107, 108, 109, 112], "summary": {"covered_lines": 9, "num_statements": 10, "percent_covered": 93.75, "percent_covered_display": "93.8", "missing_lines": 1, "excluded_lines": 0, "percent_statements_covered": 90.0, "percent_statements_covered_display": "90.0", "num_branches": 6, "num_partial_branches": 0, "covered_branches": 6, "missing_branches": 0, "percent_branches_covered": 100.0, "percent_branches_covered_display": "100.0"}, "missing_lines": [113], "excluded_lines": [], "start_line": 101, "executed_branches": [[102, 103], [102, 104], [105, -101], [105, 106], [108, 105], [108, 109]], "missing_branches": []}, "_dataset_cache_root": {"executed_lines": [117, 118, 119, 120, 121, 122, 123, 125], "summary": {"covered_lines": 8, "num_statements": 9, "percent_covered": 84.61538461538461, "percent_covered_display": "84.6", "missing_lines": 1, "excluded_lines": 0, "percent_statements_covered": 88.88888888888889, "percent_statements_covered_display": "88.9", "num_branches": 4, "num_partial_branches": 1, "covered_branches": 3, "missing_branches": 1, "percent_branches_covered": 75.0, "percent_branches_covered_display": "75.0"}, "missing_lines": [124], "excluded_lines": [], "start_line": 116, "executed_branches": [[118, 119], [118, 120], [123, 125]], "missing_branches": [[123, 124]]}, "_cache_lock": {"executed_lines": [134, 135, 136, 137, 139, 140, 141, 142, 143, 147, 148, 149, 150, 151, 152, 153, 154, 155, 156, 157, 158, 159, 162, 165, 167, 168, 169, 172], "summary": {"covered_lines": 28, "num_statements": 33, "percent_covered": 86.04651162790698, "percent_covered_display": "86.0", "missing_lines": 5, "excluded_lines": 0, "percent_statements_covered": 84.84848484848484, "percent_statements_covered_display": "84.8", "num_branches": 10, "num_partial_branches": 1, "covered_branches": 9, "missing_branches": 1, "percent_branches_covered": 90.0, "percent_branches_covered_display": "90.0"}, "missing_lines": [138, 163, 164, 170, 171], "excluded_lines": [], "start_line": 133, "executed_branches": [[134, 135], [134, 136], [137, 139], [149, 150], [149, 151], [158, 159], [158, 162], [167, 168], [167, 172]], "missing_branches": [[137, 138]]}, "_cache_entry": {"executed_lines": [176, 177, 178, 179, 180, 181, 182], "summary": {"covered_lines": 7, "num_statements": 7, "percent_covered": 100.0, "percent_covered_display": "100.0", "missing_lines": 0, "excluded_lines": 0, "percent_statements_covered": 100.0, "percent_statements_covered_display": "100.0", "num_branches": 0, "num_partial_branches": 0, "covered_branches": 0, "missing_branches": 0, "percent_branches_covered": 100.0, "percent_branches_covered_display": "100.0"}, "missing_lines": [], "excluded_lines": [], "start_line": 175, "executed_branches": [], "missing_branches": []}, "_cache_usage": {"executed_lines": [186, 187, 188, 189, 190, 191, 192, 193, 194, 195, 196, 198, 201, 202, 203, 204, 207], "summary": {"covered_lines": 17, "num_statements": 22, "percent_covered": 76.66666666666667, "percent_covered_display": "76.7", "missing_lines": 5, "excluded_lines": 0, "percent_statements_covered": 77.27272727272727, "percent_statements_covered_display": "77.3", "num_branches": 8, "num_partial_branches": 2, "covered_branches": 6, "missing_branches": 2, "percent_branches_covered": 75.0, "percent_branches_covered_display": "75.0"}, "missing_lines": [197, 199, 200, 205, 206], "excluded_lines": [], "start_line": 185, "executed_branches": [[192, 193], [192, 207], [193, 194], [193, 195], [196, 198], [203, 204]], "missing_branches": [[196, 197], [203, 192]]}, "_cache_can_store": {"executed_lines": [211, 212], "summary": {"covered_lines": 2, "num_statements": 2, "percent_covered": 100.0, "percent_covered_display": "100.0", "missing_lines": 0, "excluded_lines": 0, "percent_statements_covered": 100.0, "percent_statements_covered_display": "100.0", "num_branches": 0, "num_partial_branches": 0, "covered_branches": 0, "missing_branches": 0, "percent_branches_covered": 100.0, "percent_branches_covered_display": "100.0"}, "missing_lines": [], "excluded_lines": [], "start_line": 210, "executed_branches": [], "missing_branches": []}, "_open_cache_entry_no_follow": {"executed_lines": [219, 220, 222, 223, 224, 226, 227, 228, 230, 231, 232, 233], "summary": {"covered_lines": 12, "num_statements": 15, "percent_covered": 76.19047619047619, "percent_covered_display": "76.2", "missing_lines": 3, "excluded_lines": 0, "percent_statements_covered": 80.0, "percent_statements_covered_display": "80.0", "num_branches": 6, "num_partial_branches": 2, "covered_branches": 4, "missing_branches": 2, "percent_branches_covered": 66.66666666666667, "percent_branches_covered_display": "66.7"}, "missing_lines": [221, 225, 229], "excluded_lines": [], "start_line": 218, "executed_branches": [[220, 222], [227, 228], [230, 231], [230, 233]], "missing_branches": [[220, 221], [227, 229]]}, "_cache_entry_sha256": {"executed_lines": [237, 238, 239, 240, 241, 242, 243, 244, 245, 246, 248, 249], "summary": {"covered_lines": 12, "num_statements": 12, "percent_covered": 100.0, "percent_covered_display": "100.0", "missing_lines": 0, "excluded_lines": 0, "percent_statements_covered": 100.0, "percent_statements_covered_display": "100.0", "num_branches": 4, "num_partial_branches": 0, "covered_branches": 4, "missing_branches": 0, "percent_branches_covered": 100.0, "percent_branches_covered_display": "100.0"}, "missing_lines": [], "excluded_lines": [], "start_line": 236, "executed_branches": [[238, 239], [238, 240], [244, 245], [244, 246]], "missing_branches": []}, "_copy_cache_entry": {"executed_lines": [258, 259, 260, 261, 262, 263, 264, 265, 266, 267, 268, 269, 270, 272, 273, 278, 279, 280, 281, 282], "summary": {"covered_lines": 20, "num_statements": 24, "percent_covered": 84.375, "percent_covered_display": "84.4", "missing_lines": 4, "excluded_lines": 0, "percent_statements_covered": 83.33333333333333, "percent_statements_covered_display": "83.3", "num_branches": 8, "num_partial_branches": 1, "covered_branches": 7, "missing_branches": 1, "percent_branches_covered": 87.5, "percent_branches_covered_display": "87.5"}, "missing_lines": [271, 274, 275, 276], "excluded_lines": [], "start_line": 252, "executed_branches": [[259, 260], [259, 261], [267, 268], [267, 269], [270, 272], [279, 280], [279, 282]], "missing_branches": [[270, 271]]}, "_store_cache_entry": {"executed_lines": [286, 287, 288, 289, 290, 292, 293, 294, 295, 296, 297, 298, 299, 300, 301, 302, 303, 304, 305, 306, 308, 310, 311], "summary": {"covered_lines": 23, "num_statements": 25, "percent_covered": 89.74358974358974, "percent_covered_display": "89.7", "missing_lines": 2, "excluded_lines": 0, "percent_statements_covered": 92.0, "percent_statements_covered_display": "92.0", "num_branches": 14, "num_partial_branches": 2, "covered_branches": 12, "missing_branches": 2, "percent_branches_covered": 85.71428571428571, "percent_branches_covered_display": "85.7"}, "missing_lines": [291, 307], "excluded_lines": [], "start_line": 285, "executed_branches": [[287, 288], [287, 289], [289, 290], [289, 295], [290, 292], [292, 293], [292, 294], [295, 296], [295, 297], [302, 303], [302, 306], [306, 308]], "missing_branches": [[290, 291], [306, 307]]}, "_provenance_source": {"executed_lines": [315, 316, 317, 318, 319, 320, 321, 327], "summary": {"covered_lines": 8, "num_statements": 8, "percent_covered": 100.0, "percent_covered_display": "100.0", "missing_lines": 0, "excluded_lines": 0, "percent_statements_covered": 100.0, "percent_statements_covered_display": "100.0", "num_branches": 4, "num_partial_branches": 0, "covered_branches": 4, "missing_branches": 0, "percent_branches_covered": 100.0, "percent_branches_covered_display": "100.0"}, "missing_lines": [], "excluded_lines": [], "start_line": 314, "executed_branches": [[316, 317], [316, 320], [320, 321], [320, 327]], "missing_branches": []}, "_write_dataset_provenance": {"executed_lines": [335, 336, 337, 338, 339, 343, 344, 348, 350], "summary": {"covered_lines": 9, "num_statements": 9, "percent_covered": 100.0, "percent_covered_display": "100.0", "missing_lines": 0, "excluded_lines": 0, "percent_statements_covered": 100.0, "percent_statements_covered_display": "100.0", "num_branches": 2, "num_partial_branches": 0, "covered_branches": 2, "missing_branches": 0, "percent_branches_covered": 100.0, "percent_branches_covered_display": "100.0"}, "missing_lines": [], "excluded_lines": [], "start_line": 334, "executed_branches": [[335, 336], [335, 337]], "missing_branches": []}, "_sha256": {"executed_lines": [354, 355, 356, 357, 358], "summary": {"covered_lines": 5, "num_statements": 5, "percent_covered": 100.0, "percent_covered_display": "100.0", "missing_lines": 0, "excluded_lines": 0, "percent_statements_covered": 100.0, "percent_statements_covered_display": "100.0", "num_branches": 2, "num_partial_branches": 0, "covered_branches": 2, "missing_branches": 0, "percent_branches_covered": 100.0, "percent_branches_covered_display": "100.0"}, "missing_lines": [], "excluded_lines": [], "start_line": 353, "executed_branches": [[356, 357], [356, 358]], "missing_branches": []}, "_local_filename": {"executed_lines": [363, 364, 372, 375, 376, 379], "summary": {"covered_lines": 6, "num_statements": 6, "percent_covered": 100.0, "percent_covered_display": "100.0", "missing_lines": 0, "excluded_lines": 0, "percent_statements_covered": 100.0, "percent_statements_covered_display": "100.0", "num_branches": 4, "num_partial_branches": 0, "covered_branches": 4, "missing_branches": 0, "percent_branches_covered": 100.0, "percent_branches_covered_display": "100.0"}, "missing_lines": [], "excluded_lines": [], "start_line": 361, "executed_branches": [[364, 372], [364, 375], [375, 376], [375, 379]], "missing_branches": []}, "_remote_basename": {"executed_lines": [383, 384, 385, 386, 387], "summary": {"covered_lines": 5, "num_statements": 5, "percent_covered": 100.0, "percent_covered_display": "100.0", "missing_lines": 0, "excluded_lines": 0, "percent_statements_covered": 100.0, "percent_statements_covered_display": "100.0", "num_branches": 2, "num_partial_branches": 0, "covered_branches": 2, "missing_branches": 0, "percent_branches_covered": 100.0, "percent_branches_covered_display": "100.0"}, "missing_lines": [], "excluded_lines": [], "start_line": 382, "executed_branches": [[385, 386], [385, 387]], "missing_branches": []}, "_safe_filename": {"executed_lines": [391, 392, 393, 394, 395, 396, 397, 398, 399, 400, 401, 402, 403, 404, 405], "summary": {"covered_lines": 15, "num_statements": 15, "percent_covered": 89.65517241379311, "percent_covered_display": "89.7", "missing_lines": 0, "excluded_lines": 0, "percent_statements_covered": 100.0, "percent_statements_covered_display": "100.0", "num_branches": 14, "num_partial_branches": 3, "covered_branches": 11, "missing_branches": 3, "percent_branches_covered": 78.57142857142857, "percent_branches_covered_display": "78.6"}, "missing_lines": [], "excluded_lines": [], "start_line": 390, "executed_branches": [[391, 392], [391, 393], [393, 394], [393, 397], [395, 396], [397, 398], [397, 401], [399, 400], [401, 402], [403, 404], [403, 405]], "missing_branches": [[395, 397], [399, 401], [401, 405]]}, "_host_is_public": {"executed_lines": [409, 410, 411, 412, 413, 414, 416, 417, 418, 419, 420, 421, 422, 423, 424, 425, 426, 427, 428, 429, 430, 431, 432, 433, 434], "summary": {"covered_lines": 25, "num_statements": 25, "percent_covered": 100.0, "percent_covered_display": "100.0", "missing_lines": 0, "excluded_lines": 0, "percent_statements_covered": 100.0, "percent_statements_covered_display": "100.0", "num_branches": 10, "num_partial_branches": 0, "covered_branches": 10, "missing_branches": 0, "percent_branches_covered": 100.0, "percent_branches_covered_display": "100.0"}, "missing_lines": [], "excluded_lines": [], "start_line": 408, "executed_branches": [[413, 414], [413, 416], [420, 421], [420, 422], [423, 424], [423, 432], [430, 423], [430, 431], [432, 433], [432, 434]], "missing_branches": []}, "_validate_download_url": {"executed_lines": [438, 439, 440, 441, 442, 443, 444, 445, 446, 447], "summary": {"covered_lines": 10, "num_statements": 10, "percent_covered": 100.0, "percent_covered_display": "100.0", "missing_lines": 0, "excluded_lines": 0, "percent_statements_covered": 100.0, "percent_statements_covered_display": "100.0", "num_branches": 8, "num_partial_branches": 0, "covered_branches": 8, "missing_branches": 0, "percent_branches_covered": 100.0, "percent_branches_covered_display": "100.0"}, "missing_lines": [], "excluded_lines": [], "start_line": 437, "executed_branches": [[440, 441], [440, 442], [442, 443], [442, 444], [444, 445], [444, 446], [446, -437], [446, 447]], "missing_branches": []}, "_safe_get": {"executed_lines": [451, 452, 453, 454, 455, 456, 457, 464, 465, 466, 467, 468, 469, 470, 471], "summary": {"covered_lines": 15, "num_statements": 15, "percent_covered": 100.0, "percent_covered_display": "100.0", "missing_lines": 0, "excluded_lines": 0, "percent_statements_covered": 100.0, "percent_statements_covered_display": "100.0", "num_branches": 6, "num_partial_branches": 0, "covered_branches": 6, "missing_branches": 0, "percent_branches_covered": 100.0, "percent_branches_covered_display": "100.0"}, "missing_lines": [], "excluded_lines": [], "start_line": 450, "executed_branches": [[453, 454], [453, 471], [464, 465], [464, 466], [468, 469], [468, 470]], "missing_branches": []}, "_huggingface_url": {"executed_lines": [475, 476, 477, 478, 479], "summary": {"covered_lines": 5, "num_statements": 5, "percent_covered": 100.0, "percent_covered_display": "100.0", "missing_lines": 0, "excluded_lines": 0, "percent_statements_covered": 100.0, "percent_statements_covered_display": "100.0", "num_branches": 0, "num_partial_branches": 0, "covered_branches": 0, "missing_branches": 0, "percent_branches_covered": 100.0, "percent_branches_covered_display": "100.0"}, "missing_lines": [], "excluded_lines": [], "start_line": 474, "executed_branches": [], "missing_branches": []}, "_zenodo_url": {"executed_lines": [485, 486, 487, 488, 489, 490, 491, 492, 494, 495, 496, 497, 498, 499, 500, 501, 502, 503, 504], "summary": {"covered_lines": 19, "num_statements": 19, "percent_covered": 96.0, "percent_covered_display": "96.0", "missing_lines": 0, "excluded_lines": 0, "percent_statements_covered": 100.0, "percent_statements_covered_display": "100.0", "num_branches": 6, "num_partial_branches": 1, "covered_branches": 5, "missing_branches": 1, "percent_branches_covered": 83.33333333333333, "percent_branches_covered_display": "83.3"}, "missing_lines": [], "excluded_lines": [], "start_line": 484, "executed_branches": [[496, 497], [496, 504], [498, 499], [498, 500], [502, 503]], "missing_branches": [[502, 496]]}, "resolve_dataset_url": {"executed_lines": [508, 509, 510, 511, 512, 513, 514, 515, 517, 518, 519], "summary": {"covered_lines": 11, "num_statements": 11, "percent_covered": 100.0, "percent_covered_display": "100.0", "missing_lines": 0, "excluded_lines": 0, "percent_statements_covered": 100.0, "percent_statements_covered_display": "100.0", "num_branches": 6, "num_partial_branches": 0, "covered_branches": 6, "missing_branches": 0, "percent_branches_covered": 100.0, "percent_branches_covered_display": "100.0"}, "missing_lines": [], "excluded_lines": [], "start_line": 507, "executed_branches": [[509, 510], [509, 512], [512, 513], [512, 514], [514, 515], [514, 517]], "missing_branches": []}, "_download_headers": {"executed_lines": [523, 524, 525, 526], "summary": {"covered_lines": 4, "num_statements": 4, "percent_covered": 100.0, "percent_covered_display": "100.0", "missing_lines": 0, "excluded_lines": 0, "percent_statements_covered": 100.0, "percent_statements_covered_display": "100.0", "num_branches": 2, "num_partial_branches": 0, "covered_branches": 2, "missing_branches": 0, "percent_branches_covered": 100.0, "percent_branches_covered_display": "100.0"}, "missing_lines": [], "excluded_lines": [], "start_line": 522, "executed_branches": [[523, 524], [523, 525]], "missing_branches": []}, "_existing_is_valid": {"executed_lines": [530, 531, 532], "summary": {"covered_lines": 3, "num_statements": 3, "percent_covered": 100.0, "percent_covered_display": "100.0", "missing_lines": 0, "excluded_lines": 0, "percent_statements_covered": 100.0, "percent_statements_covered_display": "100.0", "num_branches": 2, "num_partial_branches": 0, "covered_branches": 2, "missing_branches": 0, "percent_branches_covered": 100.0, "percent_branches_covered_display": "100.0"}, "missing_lines": [], "excluded_lines": [], "start_line": 529, "executed_branches": [[530, 531], [530, 532]], "missing_branches": []}, "_dataset_output_names": {"executed_lines": [536, 537, 538, 539, 540, 541, 542, 546, 547], "summary": {"covered_lines": 9, "num_statements": 9, "percent_covered": 100.0, "percent_covered_display": "100.0", "missing_lines": 0, "excluded_lines": 0, "percent_statements_covered": 100.0, "percent_statements_covered_display": "100.0", "num_branches": 4, "num_partial_branches": 0, "covered_branches": 4, "missing_branches": 0, "percent_branches_covered": 100.0, "percent_branches_covered_display": "100.0"}, "missing_lines": [], "excluded_lines": [], "start_line": 535, "executed_branches": [[538, 539], [538, 547], [541, 542], [541, 546]], "missing_branches": []}, "download_datasets": {"executed_lines": [556, 557, 558, 563, 564, 565, 566, 567, 569, 570, 571, 572, 573, 575, 576, 577, 578, 579, 583, 584, 585, 586, 587, 588, 589, 590, 594, 595, 596, 597, 599, 600, 601, 602, 605, 606, 607, 609, 610, 611, 616, 620, 622, 623, 624, 625, 626, 627, 628, 631, 632, 633, 634, 635, 637, 639, 640, 641, 643, 644, 645, 646, 647, 648, 649, 655, 656, 657, 658, 659, 660, 661, 662, 663, 667, 668, 669, 670, 671, 672, 673, 677, 678, 679, 680, 681, 682, 683, 684, 685, 686, 688, 689, 691, 692, 693, 694, 695, 696, 698, 699, 700, 714, 715, 716], "summary": {"covered_lines": 105, "num_statements": 109, "percent_covered": 95.36423841059603, "percent_covered_display": "95.4", "missing_lines": 4, "excluded_lines": 0, "percent_statements_covered": 96.3302752293578, "percent_statements_covered_display": "96.3", "num_branches": 42, "num_partial_branches": 3, "covered_branches": 39, "missing_branches": 3, "percent_branches_covered": 92.85714285714286, "percent_branches_covered_display": "92.9"}, "missing_lines": [568, 612, 613, 617], "excluded_lines": [], "start_line": 550, "executed_branches": [[557, 558], [557, 563], [567, 569], [575, 576], [575, 714], [578, 579], [578, 583], [589, 590], [589, 594], [599, 600], [599, 609], [601, 602], [601, 605], [616, 620], [623, 624], [623, 643], [627, 628], [627, 639], [631, 632], [631, 637], [643, 644], [643, 698], [657, 658], [657, 667], [662, 663], [662, 667], [668, 669], [668, 679], [669, 670], [669, 671], [672, 673], [672, 677], [680, 681], [680, 682], [688, 689], [691, 692], [691, 698], [714, 715], [714, 716]], "missing_branches": [[567, 568], [616, 617], [688, 691]]}, "": {"executed_lines": [1, 3, 4, 5, 6, 7, 8, 9, 10, 11, 12, 13, 15, 16, 19, 21, 23, 26, 30, 31, 32, 33, 34, 35, 36, 37, 38, 40, 43, 56, 60, 67, 71, 78, 85, 92, 101, 116, 128, 132, 133, 175, 185, 210, 218, 236, 252, 285, 314, 334, 353, 361, 382, 390, 408, 437, 450, 474, 484, 507, 522, 529, 535, 550], "summary": {"covered_lines": 64, "num_statements": 64, "percent_covered": 100.0, "percent_covered_display": "100.0", "missing_lines": 0, "excluded_lines": 2, "percent_statements_covered": 100.0, "percent_statements_covered_display": "100.0", "num_branches": 0, "num_partial_branches": 0, "covered_branches": 0, "missing_branches": 0, "percent_branches_covered": 100.0, "percent_branches_covered_display": "100.0"}, "missing_lines": [], "excluded_lines": [17, 18], "start_line": 1, "executed_branches": [], "missing_branches": []}}, "classes": {"DatasetSecurityError": {"executed_lines": [], "summary": {"covered_lines": 0, "num_statements": 0, "percent_covered": 100.0, "percent_covered_display": "100.0", "missing_lines": 0, "excluded_lines": 0, "percent_statements_covered": 100.0, "percent_statements_covered_display": "100.0", "num_branches": 0, "num_partial_branches": 0, "covered_branches": 0, "missing_branches": 0, "percent_branches_covered": 100.0, "percent_branches_covered_display": "100.0"}, "missing_lines": [], "excluded_lines": [], "start_line": 26, "executed_branches": [], "missing_branches": []}, "DatasetCacheBusyError": {"executed_lines": [], "summary": {"covered_lines": 0, "num_statements": 0, "percent_covered": 100.0, 
[...]
 [289, 290], [289, 303], [291, 292], [291, 294], [294, 295], [294, 296], [296, 297], [307, 308], [307, 309]], "missing_branches": [[296, 301]]}, "": {"executed_lines": [1, 3, 4, 5, 6, 7, 8, 9, 11, 12, 14, 16, 17, 18, 19, 20, 21, 22, 25, 26, 29, 42, 71, 85, 106, 143, 186, 210, 245, 281], "summary": {"covered_lines": 30, "num_statements": 30, "percent_covered": 100.0, "percent_covered_display": "100.0", "missing_lines": 0, "excluded_lines": 0, "percent_statements_covered": 100.0, "percent_statements_covered_display": "100.0", "num_branches": 0, "num_partial_branches": 0, "covered_branches": 0, "missing_branches": 0, "percent_branches_covered": 100.0, "percent_branches_covered_display": "100.0"}, "missing_lines": [], "excluded_lines": [], "start_line": 1, "executed_branches": [], "missing_branches": []}}, "classes": {"SourceResolutionError": {"executed_lines": [], "summary": {"covered_lines": 0, "num_statements": 0, "percent_covered": 100.0, "percent_covered_display": "100.0", "missing_lines": 0, "excluded_lines": 0, "percent_statements_covered": 100.0, "percent_statements_covered_display": "100.0", "num_branches": 0, "num_partial_branches": 0, "covered_branches": 0, "missing_branches": 0, "percent_branches_covered": 100.0, "percent_branches_covered_display": "100.0"}, "missing_lines": [], "excluded_lines": [], "start_line": 25, "executed_branches": [], "missing_branches": []}, "": {"executed_lines": [1, 3, 4, 5, 6, 7, 8, 9, 11, 12, 14, 16, 17, 18, 19, 20, 21, 22, 25, 26, 29, 30, 31, 32, 33, 34, 35, 36, 37, 38, 39, 42, 43, 44, 45, 46, 47, 48, 50, 51, 52, 53, 54, 55, 56, 57, 58, 59, 60, 61, 62, 63, 64, 65, 66, 67, 68, 71, 72, 73, 74, 75, 76, 77, 78, 79, 80, 81, 82, 85, 86, 87, 88, 89, 96, 97, 98, 99, 100, 101, 102, 103, 106, 107, 108, 109, 111, 112, 113, 115, 116, 117, 119, 120, 121, 123, 124, 125, 126, 127, 128, 129, 130, 131, 132, 133, 134, 135, 136, 138, 143, 144, 145, 146, 147, 148, 149, 150, 151, 152, 153, 154, 155, 156, 157, 158, 159, 160, 161, 162, 163, 166, 167, 168, 169, 170, 171, 172, 175, 176, 177, 178, 179, 181, 182, 183, 186, 187, 188, 189, 190, 191, 197, 198, 199, 200, 201, 202, 203, 204, 210, 212, 213, 214, 215, 216, 217, 218, 219, 220, 223, 224, 225, 226, 227, 228, 229, 230, 231, 232, 233, 234, 235, 236, 237, 238, 239, 240, 241, 242, 245, 253, 254, 255, 256, 257, 258, 259, 260, 261, 262, 263, 264, 265, 267, 268, 269, 274, 275, 277, 278, 281, 282, 283, 284, 285, 287, 288, 289, 290, 291, 292, 293, 294, 295, 296, 297, 298, 299, 303, 304, 305, 306, 307, 308, 309, 310, 311, 312], "summary": {"covered_lines": 239, "num_statements": 240, "percent_covered": 98.83720930232558, "percent_covered_display": "98.8", "missing_lines": 1, "excluded_lines": 0, "percent_statements_covered": 99.58333333333333, "percent_statements_covered_display": "99.6", "num_branches": 104, "num_partial_branches": 3, "covered_branches": 101, "missing_branches": 3, "percent_branches_covered": 97.11538461538461, "percent_branches_covered_display": "97.1"}, "missing_lines": [301], "excluded_lines": [], "start_line": 1, "executed_branches": [[31, 32], [31, 33], [37, 38], [37, 39], [47, 48], [47, 50], [54, 55], [54, 56], [57, 58], [57, 66], [64, 57], [64, 65], [66, 67], [66, 68], [75, 76], [75, 77], [77, 78], [77, 79], [79, 80], [79, 81], [81, -71], [81, 82], [87, 88], [87, 103], [96, 97], [96, 98], [100, 101], [100, 102], [108, 109], [108, 111], [112, 113], [112, 115], [116, 117], [116, 119], [120, 121], [120, 123], [123, 124], [123, 138], [126, 127], [126, 131], [129, 130], [129, 131], [131, 132], [131, 135], [133, 134], [135, 136], [135, 138], [154, 155], [154, 156], [157, 158], [157, 166], [162, 163], [162, 166], [167, 168], [167, 176], [168, 169], [168, 170], [171, 172], [171, 175], [181, 182], [197, 198], [197, 204], [200, 197], [200, 201], [214, 215], [214, 242], [216, 214], [216, 217], [217, 218], [217, 219], [224, 225], [224, 226], [229, 230], [229, 231], [232, 233], [232, 234], [235, 236], [235, 237], [238, 239], [238, 240], [254, 255], [254, 267], [257, 258], [257, 259], [263, 264], [263, 265], [268, 269], [268, 278], [274, 275], [274, 277], [287, 288], [287, 291], [289, 290], [289, 303], [291, 292], [291, 294], [294, 295], [294, 296], [296, 297], [307, 308], [307, 309]], "missing_branches": [[133, 135], [181, 183], [296, 301]]}}}, "src/reproagent/usage.py": {"executed_lines": [1, 3, 4, 5, 7, 20, 30, 31, 32, 33, 34, 35, 36, 37, 38, 39, 42, 43, 44, 45, 46, 47, 48, 49, 52, 58, 59, 60, 61, 62, 63, 64, 65, 66, 67, 68, 69, 70, 71, 72, 73, 74, 77, 81, 82, 83, 85, 88, 90, 91, 92, 93, 94, 99, 100], "summary": {"covered_lines": 55, "num_statements": 55, "percent_covered": 98.76543209876543, "percent_covered_display": "98.8", "missing_lines": 0, "excluded_lines": 0, "percent_statements_covered": 100.0, "percent_statements_covered_display": "100.0", "num_branches": 26, "num_partial_branches": 1, "covered_branches": 25, "missing_branches": 1, "percent_branches_covered": 96.15384615384616, "percent_branches_covered_display": "96.2"}, "missing_lines": [], "excluded_lines": [], "executed_branches": [[31, 32], [31, 33], [37, 38], [37, 39], [43, 44], [43, 45], [58, 59], [58, 60], [61, 62], [61, 74], [62, 63], [62, 64], [65, 66], [65, 67], [67, 68], [67, 69], [69, 70], [70, 71], [70, 72], [72, 61], [72, 73], [82, 83], [82, 85], [91, 92], [91, 94]], "missing_branches": [[69, 61]], "functions": {"_safe_nonnegative_int": {"executed_lines": [31, 32, 33, 34, 35, 36, 37, 38, 39], "summary": {"covered_lines": 9, "num_statements": 9, "percent_covered": 100.0, "percent_covered_display": "100.0", "missing_lines": 0, "excluded_lines": 0, "percent_statements_covered": 100.0, "percent_statements_covered_display": "100.0", "num_branches": 4, "num_partial_branches": 0, "covered_branches": 4, "missing_branches": 0, "percent_branches_covered": 100.0, "percent_branches_covered_display": "100.0"}, "missing_lines": [], "excluded_lines": [], "start_line": 30, "executed_branches": [[31, 32], [31, 33], [37, 38], [37, 39]], "missing_branches": []}, "_safe_nonnegative_float": {"executed_lines": [43, 44, 45, 46, 47, 48, 49], "summary": {"covered_lines": 7, "num_statements": 7, "percent_covered": 100.0, "percent_covered_display": "100.0", "missing_lines": 0, "excluded_lines": 0, "percent_statements_covered": 100.0, "percent_statements_covered_display": "100.0", "num_branches": 2, "num_partial_branches": 0, "covered_branches": 2, "missing_branches": 0, "percent_branches_covered": 100.0, "percent_branches_covered_display": "100.0"}, "missing_lines": [], "excluded_lines": [], "start_line": 42, "executed_branches": [[43, 44], [43, 45]], "missing_branches": []}, "public_model_usage": {"executed_lines": [58, 59, 60, 61, 62, 63, 64, 65, 66, 67, 68, 69, 70, 71, 72, 73, 74], "summary": {"covered_lines": 17, "num_statements": 17, "percent_covered": 96.96969696969697, "percent_covered_display": "97.0", "missing_lines": 0, "excluded_lines": 0, "percent_statements_covered": 100.0, "percent_statements_covered_display": "100.0", "num_branches": 16, "num_partial_branches": 1, "covered_branches": 15, "missing_branches": 1, "percent_branches_covered": 93.75, "percent_branches_covered_display": "93.8"}, "missing_lines": [], "excluded_lines": [], "start_line": 52, "executed_branches": [[58, 59], [58, 60], [61, 62], [61, 74], [62, 63], [62, 64], [65, 66], [65, 67], [67, 68], [67, 69], [69, 70], [70, 71], [70, 72], [72, 61], [72, 73]], "missing_branches": [[69, 61]]}, "aggregate_model_usage": {"executed_lines": [81, 82, 83, 85, 88, 90, 91, 92, 93, 94, 99, 100], "summary": {"covered_lines": 12, "num_statements": 12, "percent_covered": 100.0, "percent_covered_display": "100.0", "missing_lines": 0, "excluded_lines": 0, "percent_statements_covered": 100.0, "percent_statements_covered_display": "100.0", "num_branches": 4, "num_partial_branches": 0, "covered_branches": 4, "missing_branches": 0, "percent_branches_covered": 100.0, "percent_branches_covered_display": "100.0"}, "missing_lines": [], "excluded_lines": [], "start_line": 77, "executed_branches": [[82, 83], [82, 85], [91, 92], [91, 94]], "missing_branches": []}, "": {"executed_lines": [1, 3, 4, 5, 7, 20, 30, 42, 52, 77], "summary": {"covered_lines": 10, "num_statements": 10, "percent_covered": 100.0, "percent_covered_display": "100.0", "missing_lines": 0, "excluded_lines": 0, "percent_statements_covered": 100.0, "percent_statements_covered_display": "100.0", "num_branches": 0, "num_partial_branches": 0, "covered_branches": 0, "missing_branches": 0, "percent_branches_covered": 100.0, "percent_branches_covered_display": "100.0"}, "missing_lines": [], "excluded_lines": [], "start_line": 1, "executed_branches": [], "missing_branches": []}}, "classes": {"": {"executed_lines": [1, 3, 4, 5, 7, 20, 30, 31, 32, 33, 34, 35, 36, 37, 38, 39, 42, 43, 44, 45, 46, 47, 48, 49, 52, 58, 59, 60, 61, 62, 63, 64, 65, 66, 67, 68, 69, 70, 71, 72, 73, 74, 77, 81, 82, 83, 85, 88, 90, 91, 92, 93, 94, 99, 100], "summary": {"covered_lines": 55, "num_statements": 55, "percent_covered": 98.76543209876543, "percent_covered_display": "98.8", "missing_lines": 0, "excluded_lines": 0, "percent_statements_covered": 100.0, "percent_statements_covered_display": "100.0", "num_branches": 26, "num_partial_branches": 1, "covered_branches": 25, "missing_branches": 1, "percent_branches_covered": 96.15384615384616, "percent_branches_covered_display": "96.2"}, "missing_lines": [], "excluded_lines": [], "start_line": 1, "executed_branches": [[31, 32], [31, 33], [37, 38], [37, 39], [43, 44], [43, 45], [58, 59], [58, 60], [61, 62], [61, 74], [62, 63], [62, 64], [65, 66], [65, 67], [67, 68], [67, 69], [69, 70], [70, 71], [70, 72], [72, 61], [72, 73], [82, 83], [82, 85], [91, 92], [91, 94]], "missing_branches": [[69, 61]]}}}, "src/reproagent/workspaces.py": {"executed_lines": [1, 3, 4, 5, 6, 9, 11, 12, 15, 23, 24, 25, 26, 27], "summary": {"covered_lines": 14, "num_statements": 14, "percent_covered": 100.0, "percent_covered_display": "100.0", "missing_lines": 0, "excluded_lines": 0, "percent_statements_covered": 100.0, "percent_statements_covered_display": "100.0", "num_branches": 0, "num_partial_branches": 0, "covered_branches": 0, "missing_branches": 0, "percent_branches_covered": 100.0, "percent_branches_covered_display": "100.0"}, "missing_lines": [], "excluded_lines": [], "executed_branches": [], "missing_branches": [], "functions": {"safe_workspace_slug": {"executed_lines": [11, 12], "summary": {"covered_lines": 2, "num_statements": 2, "percent_covered": 100.0, "percent_covered_display": "100.0", "missing_lines": 0, "excluded_lines": 0, "percent_statements_covered": 100.0, "percent_statements_covered_display": "100.0", "num_branches": 0, "num_partial_branches": 0, "covered_branches": 0, "missing_branches": 0, "percent_branches_covered": 100.0, "percent_branches_covered_display": "100.0"}, "missing_lines": [], "excluded_lines": [], "start_line": 9, "executed_branches": [], "missing_branches": []}, "allocate_workspace": {"executed_lines": [23, 24, 25, 26, 27], "summary": {"covered_lines": 5, "num_statements": 5, "percent_covered": 100.0, "percent_covered_display": "100.0", "missing_lines": 0, "excluded_lines": 0, "percent_statements_covered": 100.0, "percent_statements_covered_display": "100.0", "num_branches": 0, "num_partial_branches": 0, "covered_branches": 0, "missing_branches": 0, "percent_branches_covered": 100.0, "percent_branches_covered_display": "100.0"}, "missing_lines": [], "excluded_lines": [], "start_line": 15, "executed_branches": [], "missing_branches": []}, "": {"executed_lines": [1, 3, 4, 5, 6, 9, 15], "summary": {"covered_lines": 7, "num_statements": 7, "percent_covered": 100.0, "percent_covered_display": "100.0", "missing_lines": 0, "excluded_lines": 0, "percent_statements_covered": 100.0, "percent_statements_covered_display": "100.0", "num_branches": 0, "num_partial_branches": 0, "covered_branches": 0, "missing_branches": 0, "percent_branches_covered": 100.0, "percent_branches_covered_display": "100.0"}, "missing_lines": [], "excluded_lines": [], "start_line": 1, "executed_branches": [], "missing_branches": []}}, "classes": {"": {"executed_lines": [1, 3, 4, 5, 6, 9, 11, 12, 15, 23, 24, 25, 26, 27], "summary": {"covered_lines": 14, "num_statements": 14, "percent_covered": 100.0, "percent_covered_display": "100.0", "missing_lines": 0, "excluded_lines": 0, "percent_statements_covered": 100.0, "percent_statements_covered_display": "100.0", "num_branches": 0, "num_partial_branches": 0, "covered_branches": 0, "missing_branches": 0, "percent_branches_covered": 100.0, "percent_branches_covered_display": "100.0"}, "missing_lines": [], "excluded_lines": [], "start_line": 1, "executed_branches": [], "missing_branches": []}}}, "src/verirepro/__init__.py": {"executed_lines": [7, 8, 10], "summary": {"covered_lines": 3, "num_statements": 3, "percent_covered": 100.0, "percent_covered_display": "100.0", "missing_lines": 0, "excluded_lines": 0, "percent_statements_covered": 100.0, "percent_statements_covered_display": "100.0", "num_branches": 0, "num_partial_branches": 0, "covered_branches": 0, "missing_branches": 0, "percent_branches_covered": 100.0, "percent_branches_covered_display": "100.0"}, "missing_lines": [], "excluded_lines": [], "executed_branches": [], "missing_branches": [], "functions": {"": {"executed_lines": [7, 8, 10], "summary": {"covered_lines": 3, "num_statements": 3, "percent_covered": 100.0, "percent_covered_display": "100.0", "missing_lines": 0, "excluded_lines": 0, "percent_statements_covered": 100.0, "percent_statements_covered_display": "100.0", "num_branches": 0, "num_partial_branches": 0, "covered_branches": 0, "missing_branches": 0, "percent_branches_covered": 100.0, "percent_branches_covered_display": "100.0"}, "missing_lines": [], "excluded_lines": [], "start_line": 1, "executed_branches": [], "missing_branches": []}}, "classes": {"": {"executed_lines": [7, 8, 10], "summary": {"covered_lines": 3, "num_statements": 3, "percent_covered": 100.0, "percent_covered_display": "100.0", "missing_lines": 0, "excluded_lines": 0, "percent_statements_covered": 100.0, "percent_statements_covered_display": "100.0", "num_branches": 0, "num_partial_branches": 0, "covered_branches": 0, "missing_branches": 0, "percent_branches_covered": 100.0, "percent_branches_covered_display": "100.0"}, "missing_lines": [], "excluded_lines": [], "start_line": 1, "executed_branches": [], "missing_branches": []}}}, "src/verirepro/__main__.py": {"executed_lines": [], "summary": {"covered_lines": 0, "num_statements": 3, "percent_covered": 0.0, "percent_covered_display": "0.0", "missing_lines": 3, "excluded_lines": 0, "percent_statements_covered": 0.0, "percent_statements_covered_display": "0.0", "num_branches": 2, "num_partial_branches": 0, "covered_branches": 0, "missing_branches": 2, "percent_branches_covered": 0.0, "percent_branches_covered_display": "0.0"}, "missing_lines": [3, 5, 6], "excluded_lines": [], "executed_branches": [], "missing_branches": [[5, -1], [5, 6]], "functions": {"": {"executed_lines": [], "summary": {"covered_lines": 0, "num_statements": 3, "percent_covered": 0.0, "percent_covered_display": "0.0", "missing_lines": 3, "excluded_lines": 0, "percent_statements_covered": 0.0, "percent_statements_covered_display": "0.0", "num_branches": 2, "num_partial_branches": 0, "covered_branches": 0, "missing_branches": 2, "percent_branches_covered": 0.0, "percent_branches_covered_display": "0.0"}, "missing_lines": [3, 5, 6], "excluded_lines": [], "start_line": 1, "executed_branches": [], "missing_branches": [[5, -1], [5, 6]]}}, "classes": {"": {"executed_lines": [], "summary": {"covered_lines": 0, "num_statements": 3, "percent_covered": 0.0, "percent_covered_display": "0.0", "missing_lines": 3, "excluded_lines": 0, "percent_statements_covered": 0.0, "percent_statements_covered_display": "0.0", "num_branches": 2, "num_partial_branches": 0, "covered_branches": 0, "missing_branches": 2, "percent_branches_covered": 0.0, "percent_branches_covered_display": "0.0"}, "missing_lines": [3, 5, 6], "excluded_lines": [], "start_line": 1, "executed_branches": [], "missing_branches": [[5, -1], [5, 6]]}}}, "src/verirepro/cli.py": {"executed_lines": [3, 5], "summary": {"covered_lines": 2, "num_statements": 2, "percent_covered": 100.0, "percent_covered_display": "100.0", "missing_lines": 0, "excluded_lines": 0, "percent_statements_covered": 100.0, "percent_statements_covered_display": "100.0", "num_branches": 0, "num_partial_branches": 0, "covered_branches": 0, "missing_branches": 0, "percent_branches_covered": 100.0, "percent_branches_covered_display": "100.0"}, "missing_lines": [], "excluded_lines": [], "executed_branches": [], "missing_branches": [], "functions": {"": {"executed_lines": [3, 5], "summary": {"covered_lines": 2, "num_statements": 2, "percent_covered": 100.0, "percent_covered_display": "100.0", "missing_lines": 0, "excluded_lines": 0, "percent_statements_covered": 100.0, "percent_statements_covered_display": "100.0", "num_branches": 0, "num_partial_branches": 0, "covered_branches": 0, "missing_branches": 0, "percent_branches_covered": 100.0, "percent_branches_covered_display": "100.0"}, "missing_lines": [], "excluded_lines": [], "start_line": 1, "executed_branches": [], "missing_branches": []}}, "classes": {"": {"executed_lines": [3, 5], "summary": {"covered_lines": 2, "num_statements": 2, "percent_covered": 100.0, "percent_covered_display": "100.0", "missing_lines": 0, "excluded_lines": 0, "percent_statements_covered": 100.0, "percent_statements_covered_display": "100.0", "num_branches": 0, "num_partial_branches": 0, "covered_branches": 0, "missing_branches": 0, "percent_branches_covered": 100.0, "percent_branches_covered_display": "100.0"}, "missing_lines": [], "excluded_lines": [], "start_line": 1, "executed_branches": [], "missing_branches": []}}}, "src/verirepro/reprobench.py": {"executed_lines": [8, 20, 27], "summary": {"covered_lines": 3, "num_statements": 3, "percent_covered": 100.0, "percent_covered_display": "100.0", "missing_lines": 0, "excluded_lines": 0, "percent_statements_covered": 100.0, "percent_statements_covered_display": "100.0", "num_branches": 0, "num_partial_branches": 0, "covered_branches": 0, "missing_branches": 0, "percent_branches_covered": 100.0, "percent_branches_covered_display": "100.0"}, "missing_lines": [], "excluded_lines": [], "executed_branches": [], "missing_branches": [], "functions": {"": {"executed_lines": [8, 20, 27], "summary": {"covered_lines": 3, "num_statements": 3, "percent_covered": 100.0, "percent_covered_display": "100.0", "missing_lines": 0, "excluded_lines": 0, "percent_statements_covered": 100.0, "percent_statements_covered_display": "100.0", "num_branches": 0, "num_partial_branches": 0, "covered_branches": 0, "missing_branches": 0, "percent_branches_covered": 100.0, "percent_branches_covered_display": "100.0"}, "missing_lines": [], "excluded_lines": [], "start_line": 1, "executed_branches": [], "missing_branches": []}}, "classes": {"": {"executed_lines": [8, 20, 27], "summary": {"covered_lines": 3, "num_statements": 3, "percent_covered": 100.0, "percent_covered_display": "100.0", "missing_lines": 0, "excluded_lines": 0, "percent_statements_covered": 100.0, "percent_statements_covered_display": "100.0", "num_branches": 0, "num_partial_branches": 0, "covered_branches": 0, "missing_branches": 0, "percent_branches_covered": 100.0, "percent_branches_covered_display": "100.0"}, "missing_lines": [], "excluded_lines": [], "start_line": 1, "executed_branches": [], "missing_branches": []}}}}, "totals": {"covered_lines": 3757, "num_statements": 4234, "percent_covered": 86.43979057591623, "percent_covered_display": "86.4", "missing_lines": 477, "excluded_lines": 2, "percent_statements_covered": 88.73405762871988, "percent_statements_covered_display": "88.7", "num_branches": 1496, "num_partial_branches": 180, "covered_branches": 1196, "missing_branches": 300, "percent_branches_covered": 79.94652406417113, "percent_branches_covered_display": "79.9"}}